#
# There is insufficient memory for the Java Runtime Environment to continue.
# Native memory allocation (malloc) failed to allocate 1048592 bytes for Chunk::new
# Possible reasons:
#   The system is out of physical RAM or swap space
#   The process is running with CompressedOops enabled, and the Java Heap may be blocking the growth of the native heap
# Possible solutions:
#   Reduce memory load on the system
#   Increase physical memory or swap space
#   Check if swap backing store is full
#   Decrease Java heap size (-Xmx/-Xms)
#   Decrease number of Java threads
#   Decrease Java thread stack sizes (-Xss)
#   Set larger code cache with -XX:ReservedCodeCacheSize=
#   JVM is running with Unscaled Compressed Oops mode in which the Java heap is
#     placed in the first 4GB address space. The Java Heap base address is the
#     maximum limit for the native heap growth. Please use -XX:HeapBaseMinAddress
#     to set the Java Heap base and to place the Java Heap above 4GB virtual address.
# This output file may be truncated or incomplete.
#
#  Out of Memory Error (allocation.cpp:389), pid=8956, tid=0x000000000000032c
#
# JRE version: Java(TM) SE Runtime Environment (8.0_211-b12) (build 1.8.0_211-b12)
# Java VM: Java HotSpot(TM) 64-Bit Server VM (25.211-b12 mixed mode windows-amd64 compressed oops)
# Failed to write core dump. Minidumps are not enabled by default on client versions of Windows
#

---------------  T H R E A D  ---------------

Current thread (0x000000001736f000):  JavaThread "C2 CompilerThread1" daemon [_thread_in_native, id=812, stack(0x0000000017dc0000,0x0000000017ec0000)]

Stack: [0x0000000017dc0000,0x0000000017ec0000]
[error occurred during error reporting (printing stack bounds), id 0xc0000005]

Native frames: (J=compiled Java code, j=interpreted, Vv=VM code, C=native code)


Current CompileTask:
C2: 116912 14357 %     4       net.minecraft.server.v1_14_R1.WorldServer::doTick @ 460 (1472 bytes)


---------------  P R O C E S S  ---------------

Java Threads: ( => current thread )
  0x000000001e3d9800 JavaThread "Netty Server IO #0" daemon [_thread_in_native, id=10636, stack(0x0000000020040000,0x0000000020140000)]
  0x000000001e3da800 JavaThread "ObjectCleanerThread" daemon [_thread_blocked, id=1584, stack(0x000000001ff40000,0x0000000020040000)]
  0x000000001e3d9000 JavaThread "Spigot Metrics Thread" daemon [_thread_blocked, id=8812, stack(0x000000001fa40000,0x000000001fb40000)]
  0x000000001e3d8000 JavaThread "Spigot Watchdog Thread" [_thread_blocked, id=5348, stack(0x000000001f740000,0x000000001f840000)]
  0x000000001bf24000 JavaThread "Server console handler" daemon [_thread_in_native, id=9636, stack(0x000000001f640000,0x000000001f740000)]
  0x000000001e3e3800 JavaThread "Thread-4" daemon [_thread_blocked, id=5760, stack(0x000000001f540000,0x000000001f640000)]
  0x0000000002e51000 JavaThread "DestroyJavaVM" [_thread_blocked, id=3200, stack(0x0000000002d30000,0x0000000002e30000)]
  0x000000001b42a000 JavaThread "Server thread" [_thread_blocked, id=8504, stack(0x000000001f440000,0x000000001f540000)]
  0x000000001e5f4800 JavaThread "Server Infinisleeper" daemon [_thread_blocked, id=6224, stack(0x000000001f340000,0x000000001f440000)]
  0x000000001b494800 JavaThread "NonBlockingInputStreamThread" daemon [_thread_blocked, id=7516, stack(0x000000001f240000,0x000000001f340000)]
  0x000000001bfc4800 JavaThread "Snooper Timer" daemon [_thread_blocked, id=6404, stack(0x000000001d4a0000,0x000000001d5a0000)]
  0x00000000198b6000 JavaThread "Server-Worker-5" daemon [_thread_blocked, id=3844, stack(0x000000001d1a0000,0x000000001d2a0000)]
  0x00000000198b3800 JavaThread "Server-Worker-4" daemon [_thread_blocked, id=9772, stack(0x000000001d0a0000,0x000000001d1a0000)]
  0x000000001ae3a000 JavaThread "Server-Worker-3" daemon [_thread_blocked, id=8096, stack(0x000000001cfa0000,0x000000001d0a0000)]
  0x000000001b202000 JavaThread "Server-Worker-2" daemon [_thread_blocked, id=7436, stack(0x000000001cea0000,0x000000001cfa0000)]
  0x000000001b201800 JavaThread "Server-Worker-1" daemon [_thread_blocked, id=9000, stack(0x000000001cda0000,0x000000001cea0000)]
  0x00000000173f2000 JavaThread "Service Thread" daemon [_thread_blocked, id=1224, stack(0x0000000017fc0000,0x00000000180c0000)]
  0x0000000017372000 JavaThread "C1 CompilerThread2" daemon [_thread_blocked, id=7420, stack(0x0000000017ec0000,0x0000000017fc0000)]
=>0x000000001736f000 JavaThread "C2 CompilerThread1" daemon [_thread_in_native, id=812, stack(0x0000000017dc0000,0x0000000017ec0000)]
  0x0000000017368000 JavaThread "C2 CompilerThread0" daemon [_thread_blocked, id=6328, stack(0x0000000017cc0000,0x0000000017dc0000)]
  0x0000000017364000 JavaThread "Attach Listener" daemon [_thread_blocked, id=3960, stack(0x0000000017bc0000,0x0000000017cc0000)]
  0x0000000017363000 JavaThread "Signal Dispatcher" daemon [_thread_blocked, id=1116, stack(0x0000000017ac0000,0x0000000017bc0000)]
  0x0000000017369800 JavaThread "Surrogate Locker Thread (Concurrent GC)" daemon [_thread_blocked, id=6600, stack(0x00000000179c0000,0x0000000017ac0000)]
  0x0000000017347000 JavaThread "Finalizer" daemon [_thread_blocked, id=4980, stack(0x00000000177d0000,0x00000000178d0000)]
  0x00000000168ee800 JavaThread "Reference Handler" daemon [_thread_blocked, id=3824, stack(0x00000000176d0000,0x00000000177d0000)]

Other Threads:
  0x00000000168e7000 VMThread [stack: 0x00000000170f0000,0x00000000171f0000] [id=7476]
  0x000000001740c000 WatcherThread [stack: 0x00000000180c0000,0x00000000181c0000] [id=5448]

VM state:not at safepoint (normal execution)

VM Mutex/Monitor currently owned by a thread: None

heap address: 0x00000000c0000000, size: 1024 MB, Compressed Oops mode: 32-bit
Narrow klass base: 0x0000000000000000, Narrow klass shift: 3
Compressed class space size: 1073741824 Address: 0x0000000100000000

Heap:
 par new generation   total 314560K, used 211964K [0x00000000c0000000, 0x00000000d5550000, 0x00000000d5550000)
  eden space 279616K,  73% used [0x00000000c0000000, 0x00000000cca103c8, 0x00000000d1110000)
  from space 34944K,  14% used [0x00000000d3330000, 0x00000000d381efc0, 0x00000000d5550000)
  to   space 34944K,   0% used [0x00000000d1110000, 0x00000000d1110000, 0x00000000d3330000)
 concurrent mark-sweep generation total 699072K, used 351302K [0x00000000d5550000, 0x0000000100000000, 0x0000000100000000)
 Metaspace       used 65547K, capacity 71433K, committed 71684K, reserved 1110016K
  class space    used 9581K, capacity 10978K, committed 11028K, reserved 1048576K

Card table byte_map: [0x0000000012910000,0x0000000012b20000] byte_map_base: 0x0000000012310000

Marking Bits: (CMSBitMap*) 0x0000000002ec3c28
 Bits: [0x00000000132e0000, 0x0000000013d8ac00)

Mod Union Table: (CMSBitMap*) 0x0000000002ec3ce8
 Bits: [0x0000000001380000, 0x00000000013aaab0)

Polling page: 0x0000000000f10000

CodeCache: size=245760Kb used=34218Kb max_used=34885Kb free=211541Kb
 bounds [0x0000000002f50000, 0x00000000051a0000, 0x0000000011f50000]
 total_blobs=10985 nmethods=10177 adapters=719
 compilation: enabled

Compilation events (10 events):
Event: 116.124 Thread 0x0000000017372000 14414       3       net.minecraft.server.v1_14_R1.VoxelShape$$Lambda$2786/1803409615::consume (18 bytes)
Event: 116.124 Thread 0x0000000017372000 nmethod 14414 0x0000000003bd3490 code [0x0000000003bd3620, 0x0000000003bd3958]
Event: 116.124 Thread 0x0000000017372000 14415       3       net.minecraft.server.v1_14_R1.VoxelShape::a (25 bytes)
Event: 116.124 Thread 0x0000000017372000 nmethod 14415 0x00000000037d9390 code [0x00000000037d9500, 0x00000000037d97b8]
Event: 116.445 Thread 0x0000000017372000 14416       3       net.minecraft.server.v1_14_R1.AxisAlignedBB::a (144 bytes)
Event: 116.447 Thread 0x0000000017372000 nmethod 14416 0x0000000004341e50 code [0x0000000004342060, 0x0000000004342b88]
Event: 116.773 Thread 0x0000000017368000 14417       4       java.util.HashMap$ValueIterator::next (8 bytes)
Event: 116.776 Thread 0x0000000017368000 nmethod 14417 0x0000000004c81490 code [0x0000000004c815e0, 0x0000000004c81738]
Event: 116.778 Thread 0x0000000017368000 14418       4       net.minecraft.server.v1_14_R1.Entity::aA (19 bytes)
Event: 116.780 Thread 0x0000000017368000 nmethod 14418 0x000000000448e710 code [0x000000000448e860, 0x000000000448e968]

GC Heap History (10 events):
Event: 90.068 GC heap before
{Heap before GC invocations=90 (full 2):
 par new generation   total 314560K, used 306332K [0x00000000c0000000, 0x00000000d5550000, 0x00000000d5550000)
  eden space 279616K, 100% used [0x00000000c0000000, 0x00000000d1110000, 0x00000000d1110000)
  from space 34944K,  76% used [0x00000000d1110000, 0x00000000d2b27260, 0x00000000d3330000)
  to   space 34944K,   0% used [0x00000000d3330000, 0x00000000d3330000, 0x00000000d5550000)
 concurrent mark-sweep generation total 699072K, used 309369K [0x00000000d5550000, 0x0000000100000000, 0x0000000100000000)
 Metaspace       used 64191K, capacity 69665K, committed 69764K, reserved 1107968K
  class space    used 9478K, capacity 10812K, committed 10900K, reserved 1048576K
Event: 90.113 GC heap after
Heap after GC invocations=91 (full 2):
 par new generation   total 314560K, used 34944K [0x00000000c0000000, 0x00000000d5550000, 0x00000000d5550000)
  eden space 279616K,   0% used [0x00000000c0000000, 0x00000000c0000000, 0x00000000d1110000)
  from space 34944K, 100% used [0x00000000d3330000, 0x00000000d5550000, 0x00000000d5550000)
  to   space 34944K,   0% used [0x00000000d1110000, 0x00000000d1110000, 0x00000000d3330000)
 concurrent mark-sweep generation total 699072K, used 317695K [0x00000000d5550000, 0x0000000100000000, 0x0000000100000000)
 Metaspace       used 64191K, capacity 69665K, committed 69764K, reserved 1107968K
  class space    used 9478K, capacity 10812K, committed 10900K, reserved 1048576K
}
Event: 92.794 GC heap before
{Heap before GC invocations=91 (full 2):
 par new generation   total 314560K, used 314560K [0x00000000c0000000, 0x00000000d5550000, 0x00000000d5550000)
  eden space 279616K, 100% used [0x00000000c0000000, 0x00000000d1110000, 0x00000000d1110000)
  from space 34944K, 100% used [0x00000000d3330000, 0x00000000d5550000, 0x00000000d5550000)
  to   space 34944K,   0% used [0x00000000d1110000, 0x00000000d1110000, 0x00000000d3330000)
 concurrent mark-sweep generation total 699072K, used 317695K [0x00000000d5550000, 0x0000000100000000, 0x0000000100000000)
 Metaspace       used 65152K, capacity 71019K, committed 71172K, reserved 1110016K
  class space    used 9572K, capacity 10973K, committed 11028K, reserved 1048576K
Event: 92.891 GC heap after
Heap after GC invocations=92 (full 2):
 par new generation   total 314560K, used 31005K [0x00000000c0000000, 0x00000000d5550000, 0x00000000d5550000)
  eden space 279616K,   0% used [0x00000000c0000000, 0x00000000c0000000, 0x00000000d1110000)
  from space 34944K,  88% used [0x00000000d1110000, 0x00000000d2f57438, 0x00000000d3330000)
  to   space 34944K,   0% used [0x00000000d3330000, 0x00000000d3330000, 0x00000000d5550000)
 concurrent mark-sweep generation total 699072K, used 351302K [0x00000000d5550000, 0x0000000100000000, 0x0000000100000000)
 Metaspace       used 65152K, capacity 71019K, committed 71172K, reserved 1110016K
  class space    used 9572K, capacity 10973K, committed 11028K, reserved 1048576K
}
Event: 97.345 GC heap before
{Heap before GC invocations=92 (full 2):
 par new generation   total 314560K, used 310621K [0x00000000c0000000, 0x00000000d5550000, 0x00000000d5550000)
  eden space 279616K, 100% used [0x00000000c0000000, 0x00000000d1110000, 0x00000000d1110000)
  from space 34944K,  88% used [0x00000000d1110000, 0x00000000d2f57438, 0x00000000d3330000)
  to   space 34944K,   0% used [0x00000000d3330000, 0x00000000d3330000, 0x00000000d5550000)
 concurrent mark-sweep generation total 699072K, used 351302K [0x00000000d5550000, 0x0000000100000000, 0x0000000100000000)
 Metaspace       used 65315K, capacity 71193K, committed 71428K, reserved 1110016K
  class space    used 9580K, capacity 10978K, committed 11028K, reserved 1048576K
Event: 97.351 GC heap after
Heap after GC invocations=93 (full 2):
 par new generation   total 314560K, used 9726K [0x00000000c0000000, 0x00000000d5550000, 0x00000000d5550000)
  eden space 279616K,   0% used [0x00000000c0000000, 0x00000000c0000000, 0x00000000d1110000)
  from space 34944K,  27% used [0x00000000d3330000, 0x00000000d3caf8f8, 0x00000000d5550000)
  to   space 34944K,   0% used [0x00000000d1110000, 0x00000000d1110000, 0x00000000d3330000)
 concurrent mark-sweep generation total 699072K, used 351302K [0x00000000d5550000, 0x0000000100000000, 0x0000000100000000)
 Metaspace       used 65315K, capacity 71193K, committed 71428K, reserved 1110016K
  class space    used 9580K, capacity 10978K, committed 11028K, reserved 1048576K
}
Event: 102.751 GC heap before
{Heap before GC invocations=93 (full 2):
 par new generation   total 314560K, used 289295K [0x00000000c0000000, 0x00000000d5550000, 0x00000000d5550000)
  eden space 279616K,  99% used [0x00000000c0000000, 0x00000000d11044d8, 0x00000000d1110000)
  from space 34944K,  27% used [0x00000000d3330000, 0x00000000d3caf8f8, 0x00000000d5550000)
  to   space 34944K,   0% used [0x00000000d1110000, 0x00000000d1110000, 0x00000000d3330000)
 concurrent mark-sweep generation total 699072K, used 351302K [0x00000000d5550000, 0x0000000100000000, 0x0000000100000000)
 Metaspace       used 65379K, capacity 71281K, committed 71428K, reserved 1110016K
  class space    used 9580K, capacity 10978K, committed 11028K, reserved 1048576K
Event: 102.758 GC heap after
Heap after GC invocations=94 (full 2):
 par new generation   total 314560K, used 5040K [0x00000000c0000000, 0x00000000d5550000, 0x00000000d5550000)
  eden space 279616K,   0% used [0x00000000c0000000, 0x00000000c0000000, 0x00000000d1110000)
  from space 34944K,  14% used [0x00000000d1110000, 0x00000000d15fc0f0, 0x00000000d3330000)
  to   space 34944K,   0% used [0x00000000d3330000, 0x00000000d3330000, 0x00000000d5550000)
 concurrent mark-sweep generation total 699072K, used 351302K [0x00000000d5550000, 0x0000000100000000, 0x0000000100000000)
 Metaspace       used 65379K, capacity 71281K, committed 71428K, reserved 1110016K
  class space    used 9580K, capacity 10978K, committed 11028K, reserved 1048576K
}
Event: 110.149 GC heap before
{Heap before GC invocations=94 (full 2):
 par new generation   total 314560K, used 284656K [0x00000000c0000000, 0x00000000d5550000, 0x00000000d5550000)
  eden space 279616K, 100% used [0x00000000c0000000, 0x00000000d1110000, 0x00000000d1110000)
  from space 34944K,  14% used [0x00000000d1110000, 0x00000000d15fc0f0, 0x00000000d3330000)
  to   space 34944K,   0% used [0x00000000d3330000, 0x00000000d3330000, 0x00000000d5550000)
 concurrent mark-sweep generation total 699072K, used 351302K [0x00000000d5550000, 0x0000000100000000, 0x0000000100000000)
 Metaspace       used 65510K, capacity 71421K, committed 71684K, reserved 1110016K
  class space    used 9581K, capacity 10978K, committed 11028K, reserved 1048576K
Event: 110.158 GC heap after
Heap after GC invocations=95 (full 2):
 par new generation   total 314560K, used 5051K [0x00000000c0000000, 0x00000000d5550000, 0x00000000d5550000)
  eden space 279616K,   0% used [0x00000000c0000000, 0x00000000c0000000, 0x00000000d1110000)
  from space 34944K,  14% used [0x00000000d3330000, 0x00000000d381efc0, 0x00000000d5550000)
  to   space 34944K,   0% used [0x00000000d1110000, 0x00000000d1110000, 0x00000000d3330000)
 concurrent mark-sweep generation total 699072K, used 351302K [0x00000000d5550000, 0x0000000100000000, 0x0000000100000000)
 Metaspace       used 65510K, capacity 71421K, committed 71684K, reserved 1110016K
  class space    used 9581K, capacity 10978K, committed 11028K, reserved 1048576K
}

Deoptimization events (10 events):
Event: 106.929 Thread 0x000000001b42a000 Uncommon trap: reason=bimorphic action=maybe_recompile pc=0x00000000044063bc method=net.minecraft.server.v1_14_R1.Entity.ay()Z @ 43
Event: 107.893 Thread 0x000000001b42a000 Uncommon trap: reason=speculate_class_check action=maybe_recompile pc=0x000000000463081c method=net.minecraft.server.v1_14_R1.BlockPosition.down(I)Lnet/minecraft/server/v1_14_R1/BlockPosition; @ 5
Event: 108.927 Thread 0x000000001b42a000 Uncommon trap: reason=bimorphic action=maybe_recompile pc=0x00000000044063bc method=net.minecraft.server.v1_14_R1.Entity.ay()Z @ 43
Event: 109.456 Thread 0x000000001b201800 Uncommon trap: reason=unstable_if action=reinterpret pc=0x00000000040d8b58 method=java.util.concurrent.CompletableFuture.postComplete()V @ 13
Event: 109.470 Thread 0x000000001b42a000 Uncommon trap: reason=bimorphic action=maybe_recompile pc=0x00000000044063bc method=net.minecraft.server.v1_14_R1.Entity.ay()Z @ 43
Event: 110.854 Thread 0x000000001b42a000 Uncommon trap: reason=bimorphic action=maybe_recompile pc=0x00000000044063bc method=net.minecraft.server.v1_14_R1.Entity.ay()Z @ 43
Event: 111.434 Thread 0x000000001b42a000 Uncommon trap: reason=unstable_if action=reinterpret pc=0x0000000004cb8f18 method=net.minecraft.server.v1_14_R1.LightEngine.a()Z @ 14
Event: 113.389 Thread 0x000000001b42a000 Uncommon trap: reason=speculate_class_check action=maybe_recompile pc=0x000000000517e978 method=net.minecraft.server.v1_14_R1.Entity.move(Lnet/minecraft/server/v1_14_R1/EnumMoveType;Lnet/minecraft/server/v1_14_R1/Vec3D;)V @ 1018
Event: 114.563 Thread 0x000000001b42a000 Uncommon trap: reason=speculate_class_check action=maybe_recompile pc=0x000000000517e978 method=net.minecraft.server.v1_14_R1.Entity.move(Lnet/minecraft/server/v1_14_R1/EnumMoveType;Lnet/minecraft/server/v1_14_R1/Vec3D;)V @ 1018
Event: 116.229 Thread 0x000000001b202000 Uncommon trap: reason=unstable_if action=reinterpret pc=0x0000000004690c5c method=java.util.concurrent.CompletableFuture.postComplete()V @ 13

Classes redefined (0 events):
No events

Internal exceptions (10 events):
Event: 89.962 Thread 0x000000001b42a000 Exception <a 'java/lang/IncompatibleClassChangeError': Found class java.lang.Object, but interface was expected> (0x00000000d03720d0) thrown at [C:\re\workspace\8-2-build-windows-amd64-cygwin\jdk8u211\12973\hotspot\src\share\vm\interpreter\linkResolver.cp
Event: 89.962 Thread 0x000000001b42a000 Exception <a 'java/lang/NoSuchMethodError': java.lang.Object.a(Lnet/minecraft/server/v1_14_R1/RayTrace;Lnet/minecraft/server/v1_14_R1/BlockPosition;)Lnet/minecraft/server/v1_14_R1/MovingObjectPositionBlock;> (0x00000000d0377898) thrown at [C:\re\workspace
Event: 89.963 Thread 0x000000001b42a000 Exception <a 'java/lang/NoSuchMethodError': java.lang.Object.b(Lnet/minecraft/server/v1_14_R1/RayTrace;)Lnet/minecraft/server/v1_14_R1/MovingObjectPositionBlock;> (0x00000000d037cee0) thrown at [C:\re\workspace\8-2-build-windows-amd64-cygwin\jdk8u211\1297
Event: 90.195 Thread 0x000000001b42a000 Exception <a 'java/lang/NoSuchMethodError': java.lang.Object.lambda$minBy$0(Ljava/util/Comparator;Ljava/lang/Object;Ljava/lang/Object;)Ljava/lang/Object;> (0x00000000c0fdf408) thrown at [C:\re\workspace\8-2-build-windows-amd64-cygwin\jdk8u211\12973\hotspo
Event: 90.231 Thread 0x000000001b201800 Implicit null exception at 0x000000000406fa2f to 0x00000000040702f1
Event: 90.283 Thread 0x000000001b42a000 Exception <a 'java/lang/NoSuchMethodError': java.lang.Object.a(Ljava/util/function/Consumer;Ljava/util/function/BiFunction;Lnet/minecraft/server/v1_14_R1/LootTableInfo;Lnet/minecraft/server/v1_14_R1/ItemStack;)V> (0x00000000c1d7ad70) thrown at [C:\re\work
Event: 90.343 Thread 0x000000001b42a000 Implicit null exception at 0x0000000004291f57 to 0x00000000042920d5
Event: 90.760 Thread 0x000000001b42a000 Exception <a 'java/lang/IncompatibleClassChangeError': Found class java.lang.Object, but interface was expected> (0x00000000c51bd020) thrown at [C:\re\workspace\8-2-build-windows-amd64-cygwin\jdk8u211\12973\hotspot\src\share\vm\interpreter\linkResolver.cp
Event: 91.873 Thread 0x000000001b42a000 Implicit null exception at 0x0000000004211aac to 0x0000000004211af5
Event: 92.629 Thread 0x000000001b42a000 Implicit null exception at 0x0000000004dc3e5e to 0x0000000004dc41c5

Events (10 events):
Event: 113.389 Thread 0x000000001b42a000 DEOPT PACKING pc=0x000000000517e978 sp=0x000000001f53de10
Event: 113.389 Thread 0x000000001b42a000 DEOPT UNPACKING pc=0x0000000002f9583b sp=0x000000001f53ddb8 mode 2
Event: 114.563 Thread 0x000000001b42a000 Uncommon trap: trap_request=0xffffff76 fr.pc=0x000000000517e978
Event: 114.563 Thread 0x000000001b42a000 DEOPT PACKING pc=0x000000000517e978 sp=0x000000001f53de10
Event: 114.563 Thread 0x000000001b42a000 DEOPT UNPACKING pc=0x0000000002f9583b sp=0x000000001f53ddb8 mode 2
Event: 114.855 Thread 0x000000001b42a000 DEOPT PACKING pc=0x0000000003a17a94 sp=0x000000001f53d780
Event: 114.855 Thread 0x000000001b42a000 DEOPT UNPACKING pc=0x0000000002f97490 sp=0x000000001f53d4a0 mode 0
Event: 116.229 Thread 0x000000001b202000 Uncommon trap: trap_request=0xffffff65 fr.pc=0x0000000004690c5c
Event: 116.229 Thread 0x000000001b202000 DEOPT PACKING pc=0x0000000004690c5c sp=0x000000001cf9eec0
Event: 116.229 Thread 0x000000001b202000 DEOPT UNPACKING pc=0x0000000002f9583b sp=0x000000001cf9ed70 mode 2


Dynamic libraries:
0x00007ff7a9ff0000 - 0x00007ff7aa027000 	C:\Program Files (x86)\Common Files\Oracle\Java\javapath\java.exe
0x00007fff6f0d0000 - 0x00007fff6f2b1000 	C:\WINDOWS\SYSTEM32\ntdll.dll
0x00007fff6efd0000 - 0x00007fff6f081000 	C:\WINDOWS\System32\KERNEL32.DLL
0x00007fff6bab0000 - 0x00007fff6bd23000 	C:\WINDOWS\System32\KERNELBASE.dll
0x00007fff6ee00000 - 0x00007fff6eea1000 	C:\WINDOWS\System32\ADVAPI32.dll
0x00007fff6d2e0000 - 0x00007fff6d37e000 	C:\WINDOWS\System32\msvcrt.dll
0x00007fff6d5d0000 - 0x00007fff6d62b000 	C:\WINDOWS\System32\sechost.dll
0x00007fff6d180000 - 0x00007fff6d2a4000 	C:\WINDOWS\System32\RPCRT4.dll
0x00007fff6d6b0000 - 0x00007fff6d840000 	C:\WINDOWS\System32\USER32.dll
0x00007fff6bd30000 - 0x00007fff6bd50000 	C:\WINDOWS\System32\win32u.dll
0x00007fff6d580000 - 0x00007fff6d5a8000 	C:\WINDOWS\System32\GDI32.dll
0x00007fff6b860000 - 0x00007fff6b9f1000 	C:\WINDOWS\System32\gdi32full.dll
0x00007fff6b7c0000 - 0x00007fff6b85f000 	C:\WINDOWS\System32\msvcp_win.dll
0x00007fff6bd50000 - 0x00007fff6be48000 	C:\WINDOWS\System32\ucrtbase.dll
0x00007fff5f560000 - 0x00007fff5f7c9000 	C:\WINDOWS\WinSxS\amd64_microsoft.windows.common-controls_6595b64144ccf1df_6.0.17134.885_none_fb42a3473065565f\COMCTL32.dll
0x00007fff6c9b0000 - 0x00007fff6ccd2000 	C:\WINDOWS\System32\combase.dll
0x00007fff6b4f0000 - 0x00007fff6b569000 	C:\WINDOWS\System32\bcryptPrimitives.dll
0x00007fff6d2b0000 - 0x00007fff6d2dd000 	C:\WINDOWS\System32\IMM32.DLL
0x0000000050670000 - 0x0000000050742000 	C:\Program Files\Java\jre1.8.0_211\bin\msvcr100.dll
0x0000000076f20000 - 0x00000000777c5000 	C:\Program Files\Java\jre1.8.0_211\bin\server\jvm.dll
0x00007fff6cce0000 - 0x00007fff6cce8000 	C:\WINDOWS\System32\PSAPI.DLL
0x00007fff68ec0000 - 0x00007fff68ec9000 	C:\WINDOWS\SYSTEM32\WSOCK32.dll
0x00007fff690c0000 - 0x00007fff690ca000 	C:\WINDOWS\SYSTEM32\VERSION.dll
0x00007fff614b0000 - 0x00007fff614d3000 	C:\WINDOWS\SYSTEM32\WINMM.dll
0x00007fff6eeb0000 - 0x00007fff6ef1c000 	C:\WINDOWS\System32\WS2_32.dll
0x00007fff610a0000 - 0x00007fff610ca000 	C:\WINDOWS\SYSTEM32\winmmbase.dll
0x00007fff6b4a0000 - 0x00007fff6b4e9000 	C:\WINDOWS\System32\cfgmgr32.dll
0x00007fff69680000 - 0x00007fff6968f000 	C:\Program Files\Java\jre1.8.0_211\bin\verify.dll
0x00007fff69650000 - 0x00007fff69679000 	C:\Program Files\Java\jre1.8.0_211\bin\java.dll
0x00007fff60000000 - 0x00007fff60016000 	C:\Program Files\Java\jre1.8.0_211\bin\zip.dll
0x00007fff6d9c0000 - 0x00007fff6ee00000 	C:\WINDOWS\System32\SHELL32.dll
0x00007fff6ef20000 - 0x00007fff6efc9000 	C:\WINDOWS\System32\shcore.dll
0x00007fff6be50000 - 0x00007fff6c55d000 	C:\WINDOWS\System32\windows.storage.dll
0x00007fff6d380000 - 0x00007fff6d3d1000 	C:\WINDOWS\System32\shlwapi.dll
0x00007fff6b480000 - 0x00007fff6b491000 	C:\WINDOWS\System32\kernel.appcore.dll
0x00007fff6b460000 - 0x00007fff6b47f000 	C:\WINDOWS\System32\profapi.dll
0x00007fff6b3e0000 - 0x00007fff6b42c000 	C:\WINDOWS\System32\powrprof.dll
0x00007fff6b450000 - 0x00007fff6b45a000 	C:\WINDOWS\System32\FLTLIB.DLL
0x00007fff6adb0000 - 0x00007fff6adc7000 	C:\WINDOWS\SYSTEM32\CRYPTSP.dll
0x00007fff6a7f0000 - 0x00007fff6a823000 	C:\WINDOWS\system32\rsaenh.dll
0x00007fff6aee0000 - 0x00007fff6af05000 	C:\WINDOWS\SYSTEM32\bcrypt.dll
0x00007fff6b2e0000 - 0x00007fff6b308000 	C:\WINDOWS\SYSTEM32\USERENV.dll
0x00007fff6add0000 - 0x00007fff6addb000 	C:\WINDOWS\SYSTEM32\CRYPTBASE.dll
0x00007fff5fb70000 - 0x00007fff5fb8a000 	C:\Program Files\Java\jre1.8.0_211\bin\net.dll
0x00007fff64da0000 - 0x00007fff64f69000 	C:\WINDOWS\SYSTEM32\urlmon.dll
0x00007fff624e0000 - 0x00007fff62786000 	C:\WINDOWS\SYSTEM32\iertutil.dll
0x00007fff6ac00000 - 0x00007fff6ac66000 	C:\WINDOWS\system32\mswsock.dll
0x00007fff6a990000 - 0x00007fff6a9c8000 	C:\WINDOWS\SYSTEM32\IPHLPAPI.DLL
0x00007fff6d570000 - 0x00007fff6d578000 	C:\WINDOWS\System32\NSI.dll
0x00007fff666e0000 - 0x00007fff666f6000 	C:\WINDOWS\SYSTEM32\dhcpcsvc6.DLL
0x00007fff666c0000 - 0x00007fff666da000 	C:\WINDOWS\SYSTEM32\dhcpcsvc.DLL
0x00007fff5fb50000 - 0x00007fff5fb62000 	C:\Program Files\Java\jre1.8.0_211\bin\nio.dll
0x00007fff695e0000 - 0x00007fff695ea000 	C:\Users\Mara\AppData\Local\Temp\jansi-64-git-Spigot-5e4e7f3-2349feb-3736167505369176789.dll
0x00007fff5ffd0000 - 0x00007fff5ffdd000 	C:\Program Files\Java\jre1.8.0_211\bin\management.dll
0x00007fff45cf0000 - 0x00007fff45d06000 	C:\WINDOWS\system32\napinsp.dll
0x00007fff45cd0000 - 0x00007fff45cea000 	C:\WINDOWS\system32\pnrpnsp.dll
0x00007fff68cc0000 - 0x00007fff68cd9000 	C:\WINDOWS\system32\NLAapi.dll
0x00007fff6a9d0000 - 0x00007fff6aa8e000 	C:\WINDOWS\SYSTEM32\DNSAPI.dll
0x00007fff587a0000 - 0x00007fff587ae000 	C:\WINDOWS\System32\winrnr.dll
0x00007fff66430000 - 0x00007fff6643a000 	C:\Windows\System32\rasadhlp.dll
0x00007fff660c0000 - 0x00007fff66132000 	C:\WINDOWS\System32\fwpuclnt.dll
0x00007fff5fb20000 - 0x00007fff5fb44000 	C:\Program Files\Java\jre1.8.0_211\bin\sunec.dll
0x00007fff5f4b0000 - 0x00007fff5f4bb000 	C:\Program Files\Java\jre1.8.0_211\bin\sunmscapi.dll
0x00007fff6b570000 - 0x00007fff6b752000 	C:\WINDOWS\System32\CRYPT32.dll
0x00007fff6b430000 - 0x00007fff6b442000 	C:\WINDOWS\System32\MSASN1.dll

VM Arguments:
jvm_args: -Xms1G -Xmx1G -XX:+UseConcMarkSweepGC 
java_command: spigot-1.14.3-R0.1-SNAPSHOT.jar
java_class_path (initial): spigot-1.14.3-R0.1-SNAPSHOT.jar
Launcher Type: SUN_STANDARD

Environment Variables:
JAVA_HOME=C:\Program Files\Java\jdk1.8.0_211
PATH=C:\Program Files (x86)\Common Files\Oracle\Java\javapath;C:\Program Files (x86)\NVIDIA Corporation\PhysX\Common;C:\WINDOWS\system32;C:\WINDOWS;C:\WINDOWS\System32\Wbem;C:\WINDOWS\System32\WindowsPowerShell\v1.0\;C:\WINDOWS\System32\OpenSSH\;C:\Program Files\Java\jdk1.8.0_211\bin;C:\Users\Mara\AppData\Local\Microsoft\WindowsApps;C:\Users\Mara\AppData\Local\GitHubDesktop\bin
USERNAME=Mara
OS=Windows_NT
PROCESSOR_IDENTIFIER=AMD64 Family 21 Model 1 Stepping 2, AuthenticAMD



---------------  S Y S T E M  ---------------

OS: Windows 10.0 , 64 bit Build 17134 (10.0.17134.753)

CPU:total 6 (initial active 6) (6 cores per cpu, 1 threads per core) family 21 model 1 stepping 2, cmov, cx8, fxsr, mmx, sse, sse2, sse3, ssse3, sse4.1, sse4.2, popcnt, avx, aes, clmul, mmxext, 3dnowpref, lzcnt, sse4a, tsc, tscinvbit, tscinv

Memory: 4k page, physical 8371440k(1307764k free), swap 8371440k(1064k free)

vm_info: Java HotSpot(TM) 64-Bit Server VM (25.211-b12) for windows-amd64 JRE (1.8.0_211-b12), built on Apr  1 2019 20:53:26 by "java_re" with MS VC++ 10.0 (VS2010)

time: Sat Jul 13 21:00:24 2019
timezone: W. Europe Daylight Time
elapsed time: 116 seconds (0d 0h 1m 56s)

