#
# There is insufficient memory for the Java Runtime Environment to continue.
# Native memory allocation (malloc) failed to allocate 218576 bytes for Chunk::new
# Possible reasons:
#   The system is out of physical RAM or swap space
#   The process is running with CompressedOops enabled, and the Java Heap may be blocking the growth of the native heap
# Possible solutions:
#   Reduce memory load on the system
#   Increase physical memory or swap space
#   Check if swap backing store is full
#   Decrease Java heap size (-Xmx/-Xms)
#   Decrease number of Java threads
#   Decrease Java thread stack sizes (-Xss)
#   Set larger code cache with -XX:ReservedCodeCacheSize=
#   JVM is running with Unscaled Compressed Oops mode in which the Java heap is
#     placed in the first 4GB address space. The Java Heap base address is the
#     maximum limit for the native heap growth. Please use -XX:HeapBaseMinAddress
#     to set the Java Heap base and to place the Java Heap above 4GB virtual address.
# This output file may be truncated or incomplete.
#
#  Out of Memory Error (allocation.cpp:389), pid=7420, tid=0x0000000000001d0c
#
# JRE version: Java(TM) SE Runtime Environment (8.0_211-b12) (build 1.8.0_211-b12)
# Java VM: Java HotSpot(TM) 64-Bit Server VM (25.211-b12 mixed mode windows-amd64 compressed oops)
# Failed to write core dump. Minidumps are not enabled by default on client versions of Windows
#

---------------  T H R E A D  ---------------

Current thread (0x00000000177ea000):  JavaThread "C2 CompilerThread0" daemon [_thread_in_native, id=7436, stack(0x0000000018140000,0x0000000018240000)]

Stack: [0x0000000018140000,0x0000000018240000]
[error occurred during error reporting (printing stack bounds), id 0xc0000005]

Native frames: (J=compiled Java code, j=interpreted, Vv=VM code, C=native code)


Current CompileTask:
C2:    571  348       4       java.util.jar.JarInputStream::read (48 bytes)


---------------  P R O C E S S  ---------------

Java Threads: ( => current thread )
  0x0000000017871800 JavaThread "Service Thread" daemon [_thread_blocked, id=3844, stack(0x0000000018440000,0x0000000018540000)]
  0x00000000177f5800 JavaThread "C1 CompilerThread2" daemon [_thread_blocked, id=9772, stack(0x0000000018340000,0x0000000018440000)]
  0x00000000177ef000 JavaThread "C2 CompilerThread1" daemon [_thread_blocked, id=8096, stack(0x0000000018240000,0x0000000018340000)]
=>0x00000000177ea000 JavaThread "C2 CompilerThread0" daemon [_thread_in_native, id=7436, stack(0x0000000018140000,0x0000000018240000)]
  0x00000000177e4000 JavaThread "Attach Listener" daemon [_thread_blocked, id=3200, stack(0x0000000018040000,0x0000000018140000)]
  0x00000000177df000 JavaThread "Signal Dispatcher" daemon [_thread_blocked, id=9000, stack(0x0000000017f40000,0x0000000018040000)]
  0x00000000177e5800 JavaThread "Surrogate Locker Thread (Concurrent GC)" daemon [_thread_blocked, id=5448, stack(0x0000000017e40000,0x0000000017f40000)]
  0x00000000177c7800 JavaThread "Finalizer" daemon [_thread_blocked, id=1224, stack(0x0000000017c50000,0x0000000017d50000)]
  0x000000001779f000 JavaThread "Reference Handler" daemon [_thread_blocked, id=6328, stack(0x0000000017b50000,0x0000000017c50000)]
  0x00000000032d1000 JavaThread "main" [_thread_in_native, id=5708, stack(0x00000000031d0000,0x00000000032d0000)]

Other Threads:
  0x0000000016d67000 VMThread [stack: 0x0000000017570000,0x0000000017670000] [id=3960]
  0x0000000017893000 WatcherThread [stack: 0x0000000018540000,0x0000000018640000] [id=6404]

VM state:not at safepoint (normal execution)

VM Mutex/Monitor currently owned by a thread: None

heap address: 0x00000000c0000000, size: 1024 MB, Compressed Oops mode: 32-bit
Narrow klass base: 0x0000000000000000, Narrow klass shift: 3
Compressed class space size: 1073741824 Address: 0x0000000100000000

Heap:
 par new generation   total 314560K, used 16776K [0x00000000c0000000, 0x00000000d5550000, 0x00000000d5550000)
  eden space 279616K,   6% used [0x00000000c0000000, 0x00000000c10623e8, 0x00000000d1110000)
  from space 34944K,   0% used [0x00000000d1110000, 0x00000000d1110000, 0x00000000d3330000)
  to   space 34944K,   0% used [0x00000000d3330000, 0x00000000d3330000, 0x00000000d5550000)
 concurrent mark-sweep generation total 699072K, used 0K [0x00000000d5550000, 0x0000000100000000, 0x0000000100000000)
 Metaspace       used 6556K, capacity 6636K, committed 6784K, reserved 1056768K
  class space    used 749K, capacity 784K, committed 896K, reserved 1048576K

Card table byte_map: [0x0000000012d90000,0x0000000012fa0000] byte_map_base: 0x0000000012790000

Marking Bits: (CMSBitMap*) 0x0000000003343e68
 Bits: [0x0000000013760000, 0x000000001420ac00)

Mod Union Table: (CMSBitMap*) 0x0000000003343f28
 Bits: [0x00000000030e0000, 0x000000000310aab0)

Polling page: 0x0000000001870000

CodeCache: size=245760Kb used=1971Kb max_used=1983Kb free=243789Kb
 bounds [0x00000000033d0000, 0x0000000003640000, 0x00000000123d0000]
 total_blobs=674 nmethods=359 adapters=229
 compilation: enabled

Compilation events (10 events):
Event: 0.538 Thread 0x00000000177f5800 nmethod 345 0x00000000035a6410 code [0x00000000035a6600, 0x00000000035a6ee8]
Event: 0.538 Thread 0x00000000177f5800  346       3       java.util.zip.CRC32::reset (6 bytes)
Event: 0.538 Thread 0x00000000177f5800 nmethod 346 0x00000000035a2f50 code [0x00000000035a30a0, 0x00000000035a31f0]
Event: 0.538 Thread 0x00000000177f5800  347   !   3       java.util.zip.ZipInputStream::readLOC (315 bytes)
Event: 0.540 Thread 0x00000000177ea000  348       4       java.util.jar.JarInputStream::read (48 bytes)
Event: 0.541 Thread 0x00000000177f5800 nmethod 347 0x00000000035a7250 code [0x00000000035a7620, 0x00000000035a9748]
Event: 0.543 Thread 0x00000000177f5800  350       3       java.util.zip.CRC32::getValue (10 bytes)
Event: 0.543 Thread 0x00000000177f5800 nmethod 350 0x00000000035a2c10 code [0x00000000035a2d60, 0x00000000035a2ed0]
Event: 0.544 Thread 0x00000000177f5800  351       3       java.util.zip.ZipInputStream::readEnd (510 bytes)
Event: 0.552 Thread 0x00000000177f5800 nmethod 351 0x00000000035aaf50 code [0x00000000035ab8c0, 0x00000000035b2958]

GC Heap History (0 events):
No events

Deoptimization events (0 events):
No events

Classes redefined (0 events):
No events

Internal exceptions (6 events):
Event: 0.046 Thread 0x00000000032d1000 Exception <a 'java/lang/NoSuchMethodError': Method sun.misc.Unsafe.defineClass(Ljava/lang/String;[BII)Ljava/lang/Class; name or signature does not match> (0x00000000c0007cb0) thrown at [C:\re\workspace\8-2-build-windows-amd64-cygwin\jdk8u211\12973\hotspot
Event: 0.046 Thread 0x00000000032d1000 Exception <a 'java/lang/NoSuchMethodError': Method sun.misc.Unsafe.prefetchRead(Ljava/lang/Object;J)V name or signature does not match> (0x00000000c0007f98) thrown at [C:\re\workspace\8-2-build-windows-amd64-cygwin\jdk8u211\12973\hotspot\src\share\vm\prim
Event: 0.187 Thread 0x00000000032d1000 Exception <a 'java/security/PrivilegedActionException'> (0x00000000c019d6e8) thrown at [C:\re\workspace\8-2-build-windows-amd64-cygwin\jdk8u211\12973\hotspot\src\share\vm\prims\jvm.cpp, line 1502]
Event: 0.187 Thread 0x00000000032d1000 Exception <a 'java/security/PrivilegedActionException'> (0x00000000c019d8f8) thrown at [C:\re\workspace\8-2-build-windows-amd64-cygwin\jdk8u211\12973\hotspot\src\share\vm\prims\jvm.cpp, line 1502]
Event: 0.188 Thread 0x00000000032d1000 Exception <a 'java/security/PrivilegedActionException'> (0x00000000c01a1568) thrown at [C:\re\workspace\8-2-build-windows-amd64-cygwin\jdk8u211\12973\hotspot\src\share\vm\prims\jvm.cpp, line 1502]
Event: 0.188 Thread 0x00000000032d1000 Exception <a 'java/security/PrivilegedActionException'> (0x00000000c01a1778) thrown at [C:\re\workspace\8-2-build-windows-amd64-cygwin\jdk8u211\12973\hotspot\src\share\vm\prims\jvm.cpp, line 1502]

Events (10 events):
Event: 0.494 loading class java/util/jar/JarInputStream
Event: 0.494 loading class java/util/zip/ZipInputStream
Event: 0.494 loading class java/util/zip/ZipInputStream done
Event: 0.494 loading class java/util/jar/JarInputStream done
Event: 0.494 loading class java/io/PushbackInputStream
Event: 0.494 loading class java/io/PushbackInputStream done
Event: 0.494 loading class java/util/zip/ZipUtils
Event: 0.494 loading class java/util/zip/ZipUtils done
Event: 0.495 loading class sun/security/util/ManifestEntryVerifier
Event: 0.495 loading class sun/security/util/ManifestEntryVerifier done


Dynamic libraries:
0x00007ff7a9ff0000 - 0x00007ff7aa027000 	C:\Program Files (x86)\Common Files\Oracle\Java\javapath\java.exe
0x00007fff6f0d0000 - 0x00007fff6f2b1000 	C:\WINDOWS\SYSTEM32\ntdll.dll
0x00007fff6efd0000 - 0x00007fff6f081000 	C:\WINDOWS\System32\KERNEL32.DLL
0x00007fff6bab0000 - 0x00007fff6bd23000 	C:\WINDOWS\System32\KERNELBASE.dll
0x00007fff6ee00000 - 0x00007fff6eea1000 	C:\WINDOWS\System32\ADVAPI32.dll
0x00007fff6d2e0000 - 0x00007fff6d37e000 	C:\WINDOWS\System32\msvcrt.dll
0x00007fff6d5d0000 - 0x00007fff6d62b000 	C:\WINDOWS\System32\sechost.dll
0x00007fff6d180000 - 0x00007fff6d2a4000 	C:\WINDOWS\System32\RPCRT4.dll
0x00007fff6d6b0000 - 0x00007fff6d840000 	C:\WINDOWS\System32\USER32.dll
0x00007fff6bd30000 - 0x00007fff6bd50000 	C:\WINDOWS\System32\win32u.dll
0x00007fff6d580000 - 0x00007fff6d5a8000 	C:\WINDOWS\System32\GDI32.dll
0x00007fff6b860000 - 0x00007fff6b9f1000 	C:\WINDOWS\System32\gdi32full.dll
0x00007fff6b7c0000 - 0x00007fff6b85f000 	C:\WINDOWS\System32\msvcp_win.dll
0x00007fff6bd50000 - 0x00007fff6be48000 	C:\WINDOWS\System32\ucrtbase.dll
0x00007fff5f560000 - 0x00007fff5f7c9000 	C:\WINDOWS\WinSxS\amd64_microsoft.windows.common-controls_6595b64144ccf1df_6.0.17134.885_none_fb42a3473065565f\COMCTL32.dll
0x00007fff6c9b0000 - 0x00007fff6ccd2000 	C:\WINDOWS\System32\combase.dll
0x00007fff6b4f0000 - 0x00007fff6b569000 	C:\WINDOWS\System32\bcryptPrimitives.dll
0x00007fff6d2b0000 - 0x00007fff6d2dd000 	C:\WINDOWS\System32\IMM32.DLL
0x00000000504b0000 - 0x0000000050582000 	C:\Program Files\Java\jre1.8.0_211\bin\msvcr100.dll
0x00000000743c0000 - 0x0000000074c65000 	C:\Program Files\Java\jre1.8.0_211\bin\server\jvm.dll
0x00007fff6cce0000 - 0x00007fff6cce8000 	C:\WINDOWS\System32\PSAPI.DLL
0x00007fff68ec0000 - 0x00007fff68ec9000 	C:\WINDOWS\SYSTEM32\WSOCK32.dll
0x00007fff614b0000 - 0x00007fff614d3000 	C:\WINDOWS\SYSTEM32\WINMM.dll
0x00007fff690c0000 - 0x00007fff690ca000 	C:\WINDOWS\SYSTEM32\VERSION.dll
0x00007fff6eeb0000 - 0x00007fff6ef1c000 	C:\WINDOWS\System32\WS2_32.dll
0x00007fff610a0000 - 0x00007fff610ca000 	C:\WINDOWS\SYSTEM32\WINMMBASE.dll
0x00007fff6b4a0000 - 0x00007fff6b4e9000 	C:\WINDOWS\System32\cfgmgr32.dll
0x00007fff644b0000 - 0x00007fff644bf000 	C:\Program Files\Java\jre1.8.0_211\bin\verify.dll
0x00007fff593f0000 - 0x00007fff59419000 	C:\Program Files\Java\jre1.8.0_211\bin\java.dll
0x00007fff5fb20000 - 0x00007fff5fb36000 	C:\Program Files\Java\jre1.8.0_211\bin\zip.dll
0x00007fff6d9c0000 - 0x00007fff6ee00000 	C:\WINDOWS\System32\SHELL32.dll
0x00007fff6ef20000 - 0x00007fff6efc9000 	C:\WINDOWS\System32\shcore.dll
0x00007fff6be50000 - 0x00007fff6c55d000 	C:\WINDOWS\System32\windows.storage.dll
0x00007fff6d380000 - 0x00007fff6d3d1000 	C:\WINDOWS\System32\shlwapi.dll
0x00007fff6b480000 - 0x00007fff6b491000 	C:\WINDOWS\System32\kernel.appcore.dll
0x00007fff6b460000 - 0x00007fff6b47f000 	C:\WINDOWS\System32\profapi.dll
0x00007fff6b3e0000 - 0x00007fff6b42c000 	C:\WINDOWS\System32\powrprof.dll
0x00007fff6b450000 - 0x00007fff6b45a000 	C:\WINDOWS\System32\FLTLIB.DLL
0x00007fff6adb0000 - 0x00007fff6adc7000 	C:\WINDOWS\SYSTEM32\CRYPTSP.dll
0x00007fff6a7f0000 - 0x00007fff6a823000 	C:\WINDOWS\system32\rsaenh.dll
0x00007fff6aee0000 - 0x00007fff6af05000 	C:\WINDOWS\SYSTEM32\bcrypt.dll
0x00007fff6b2e0000 - 0x00007fff6b308000 	C:\WINDOWS\SYSTEM32\USERENV.dll
0x00007fff6add0000 - 0x00007fff6addb000 	C:\WINDOWS\SYSTEM32\CRYPTBASE.dll
0x00007fff5ea80000 - 0x00007fff5ea9a000 	C:\Program Files\Java\jre1.8.0_211\bin\net.dll
0x00007fff64da0000 - 0x00007fff64f69000 	C:\WINDOWS\SYSTEM32\urlmon.dll
0x00007fff624e0000 - 0x00007fff62786000 	C:\WINDOWS\SYSTEM32\iertutil.dll
0x00007fff6ac00000 - 0x00007fff6ac66000 	C:\WINDOWS\system32\mswsock.dll
0x00007fff6a990000 - 0x00007fff6a9c8000 	C:\WINDOWS\SYSTEM32\IPHLPAPI.DLL
0x00007fff6d570000 - 0x00007fff6d578000 	C:\WINDOWS\System32\NSI.dll
0x00007fff666e0000 - 0x00007fff666f6000 	C:\WINDOWS\SYSTEM32\dhcpcsvc6.DLL
0x00007fff666c0000 - 0x00007fff666da000 	C:\WINDOWS\SYSTEM32\dhcpcsvc.DLL
0x00007fff57990000 - 0x00007fff579a2000 	C:\Program Files\Java\jre1.8.0_211\bin\nio.dll
0x00007fff610d0000 - 0x00007fff610da000 	C:\Users\Mara\AppData\Local\Temp\jansi-64-git-Spigot-5e4e7f3-2349feb-8737278340480092502.dll
0x00007fff5ffd0000 - 0x00007fff5ffdd000 	C:\Program Files\Java\jre1.8.0_211\bin\management.dll

VM Arguments:
jvm_args: -Xms1G -Xmx1G -XX:+UseConcMarkSweepGC 
java_command: spigot-1.14.3-R0.1-SNAPSHOT.jar
java_class_path (initial): spigot-1.14.3-R0.1-SNAPSHOT.jar
Launcher Type: SUN_STANDARD

Environment Variables:
JAVA_HOME=C:\Program Files\Java\jdk1.8.0_211
PATH=C:\Program Files (x86)\Common Files\Oracle\Java\javapath;C:\Program Files (x86)\NVIDIA Corporation\PhysX\Common;C:\WINDOWS\system32;C:\WINDOWS;C:\WINDOWS\System32\Wbem;C:\WINDOWS\System32\WindowsPowerShell\v1.0\;C:\WINDOWS\System32\OpenSSH\;C:\Program Files\Java\jdk1.8.0_211\bin;C:\Users\Mara\AppData\Local\Microsoft\WindowsApps;C:\Users\Mara\AppData\Local\GitHubDesktop\bin
USERNAME=Mara
OS=Windows_NT
PROCESSOR_IDENTIFIER=AMD64 Family 21 Model 1 Stepping 2, AuthenticAMD



---------------  S Y S T E M  ---------------

OS: Windows 10.0 , 64 bit Build 17134 (10.0.17134.753)

CPU:total 6 (initial active 6) (6 cores per cpu, 1 threads per core) family 21 model 1 stepping 2, cmov, cx8, fxsr, mmx, sse, sse2, sse3, ssse3, sse4.1, sse4.2, popcnt, avx, aes, clmul, mmxext, 3dnowpref, lzcnt, sse4a, tsc, tscinvbit, tscinv

Memory: 4k page, physical 8371440k(2043004k free), swap 8371440k(5932k free)

vm_info: Java HotSpot(TM) 64-Bit Server VM (25.211-b12) for windows-amd64 JRE (1.8.0_211-b12), built on Apr  1 2019 20:53:26 by "java_re" with MS VC++ 10.0 (VS2010)

time: Sat Jul 13 21:04:07 2019
timezone: W. Europe Daylight Time
elapsed time: 0 seconds (0d 0h 0m 0s)

