#
# There is insufficient memory for the Java Runtime Environment to continue.
# Native memory allocation (malloc) failed to allocate 1031136 bytes for Chunk::new
# Possible reasons:
#   The system is out of physical RAM or swap space
#   The process is running with CompressedOops enabled, and the Java Heap may be blocking the growth of the native heap
# Possible solutions:
#   Reduce memory load on the system
#   Increase physical memory or swap space
#   Check if swap backing store is full
#   Decrease Java heap size (-Xmx/-Xms)
#   Decrease number of Java threads
#   Decrease Java thread stack sizes (-Xss)
#   Set larger code cache with -XX:ReservedCodeCacheSize=
#   JVM is running with Unscaled Compressed Oops mode in which the Java heap is
#     placed in the first 4GB address space. The Java Heap base address is the
#     maximum limit for the native heap growth. Please use -XX:HeapBaseMinAddress
#     to set the Java Heap base and to place the Java Heap above 4GB virtual address.
# This output file may be truncated or incomplete.
#
#  Out of Memory Error (allocation.cpp:389), pid=7040, tid=0x0000000000000dc8
#
# JRE version: Java(TM) SE Runtime Environment (8.0_211-b12) (build 1.8.0_211-b12)
# Java VM: Java HotSpot(TM) 64-Bit Server VM (25.211-b12 mixed mode windows-amd64 compressed oops)
# Failed to write core dump. Minidumps are not enabled by default on client versions of Windows
#

---------------  T H R E A D  ---------------

Current thread (0x0000000016018000):  JavaThread "C2 CompilerThread1" daemon [_thread_in_native, id=3528, stack(0x0000000017410000,0x0000000017510000)]

Stack: [0x0000000017410000,0x0000000017510000]
[error occurred during error reporting (printing stack bounds), id 0xc0000005]

Native frames: (J=compiled Java code, j=interpreted, Vv=VM code, C=native code)


Current CompileTask:
C2:  97541 14642   !   4       net.minecraft.server.v1_14_R1.World::setTypeAndData (361 bytes)


---------------  P R O C E S S  ---------------

Java Threads: ( => current thread )
  0x000000001ae3a800 JavaThread "Netty Server IO #2" daemon [_thread_in_native, id=1696, stack(0x0000000020b80000,0x0000000020c80000)]
  0x000000001ae38800 JavaThread "Netty Server IO #1" daemon [_thread_in_native, id=5024, stack(0x0000000020450000,0x0000000020550000)]
  0x000000001ae3d000 JavaThread "Netty Server IO #0" daemon [_thread_in_native, id=10816, stack(0x000000001e510000,0x000000001e610000)]
  0x000000001ae3e800 JavaThread "ObjectCleanerThread" daemon [_thread_blocked, id=972, stack(0x000000001e410000,0x000000001e510000)]
  0x000000001ae39000 JavaThread "Spigot Metrics Thread" daemon [_thread_blocked, id=8884, stack(0x000000001df10000,0x000000001e010000)]
  0x000000001ae3d800 JavaThread "Spigot Watchdog Thread" [_thread_blocked, id=5884, stack(0x000000001de10000,0x000000001df10000)]
  0x000000001a251800 JavaThread "Server console handler" daemon [_thread_in_native, id=5060, stack(0x000000001db10000,0x000000001dc10000)]
  0x000000001bdad000 JavaThread "Thread-4" daemon [_thread_blocked, id=4424, stack(0x000000001da10000,0x000000001db10000)]
  0x0000000002a2d800 JavaThread "DestroyJavaVM" [_thread_blocked, id=9876, stack(0x0000000002b80000,0x0000000002c80000)]
  0x000000001bdac800 JavaThread "Server thread" [_thread_blocked, id=11204, stack(0x000000001d810000,0x000000001d910000)]
  0x000000001ac6b800 JavaThread "Server Infinisleeper" daemon [_thread_blocked, id=1012, stack(0x000000001d710000,0x000000001d810000)]
  0x000000001a88a000 JavaThread "NonBlockingInputStreamThread" daemon [_thread_blocked, id=4536, stack(0x000000001d610000,0x000000001d710000)]
  0x000000001abbc800 JavaThread "Snooper Timer" daemon [_thread_blocked, id=10724, stack(0x000000001d1d0000,0x000000001d2d0000)]
  0x0000000019641800 JavaThread "Server-Worker-5" daemon [_thread_blocked, id=4256, stack(0x000000001b700000,0x000000001b800000)]
  0x00000000197ff000 JavaThread "Server-Worker-4" daemon [_thread_blocked, id=8536, stack(0x000000001b600000,0x000000001b700000)]
  0x00000000197fe000 JavaThread "Server-Worker-3" daemon [_thread_blocked, id=944, stack(0x000000001b2f0000,0x000000001b3f0000)]
  0x0000000019091800 JavaThread "Server-Worker-2" daemon [_thread_blocked, id=2304, stack(0x000000001b1f0000,0x000000001b2f0000)]
  0x0000000017cc8800 JavaThread "Server-Worker-1" daemon [_thread_blocked, id=2632, stack(0x000000001b0f0000,0x000000001b1f0000)]
  0x0000000016f96000 JavaThread "Service Thread" daemon [_thread_blocked, id=4124, stack(0x0000000017610000,0x0000000017710000)]
  0x0000000016f17000 JavaThread "C1 CompilerThread2" daemon [_thread_blocked, id=9120, stack(0x0000000017510000,0x0000000017610000)]
=>0x0000000016018000 JavaThread "C2 CompilerThread1" daemon [_thread_in_native, id=3528, stack(0x0000000017410000,0x0000000017510000)]
  0x0000000016013000 JavaThread "C2 CompilerThread0" daemon [_thread_in_native, id=8944, stack(0x0000000017310000,0x0000000017410000)]
  0x000000001600e800 JavaThread "Attach Listener" daemon [_thread_blocked, id=2696, stack(0x0000000016e10000,0x0000000016f10000)]
  0x000000001601e800 JavaThread "Signal Dispatcher" daemon [_thread_blocked, id=8184, stack(0x0000000016d10000,0x0000000016e10000)]
  0x000000001601d000 JavaThread "Surrogate Locker Thread (Concurrent GC)" daemon [_thread_blocked, id=11180, stack(0x0000000016c10000,0x0000000016d10000)]
  0x0000000015ffc800 JavaThread "Finalizer" daemon [_thread_blocked, id=8344, stack(0x0000000016a20000,0x0000000016b20000)]
  0x0000000015fd3800 JavaThread "Reference Handler" daemon [_thread_blocked, id=8548, stack(0x0000000016920000,0x0000000016a20000)]

Other Threads:
  0x0000000015fcc000 VMThread [stack: 0x0000000016820000,0x0000000016920000] [id=2136]
  0x0000000016faf800 WatcherThread [stack: 0x0000000017710000,0x0000000017810000] [id=7460]

VM state:not at safepoint (normal execution)

VM Mutex/Monitor currently owned by a thread: None

heap address: 0x00000000e0000000, size: 512 MB, Compressed Oops mode: 32-bit
Narrow klass base: 0x0000000000000000, Narrow klass shift: 3
Compressed class space size: 1073741824 Address: 0x0000000100000000

Heap:
 par new generation   total 157248K, used 13271K [0x00000000e0000000, 0x00000000eaaa0000, 0x00000000eaaa0000)
  eden space 139776K,   2% used [0x00000000e0000000, 0x00000000e03a9ab0, 0x00000000e8880000)
  from space 17472K,  54% used [0x00000000e9990000, 0x00000000ea2dc260, 0x00000000eaaa0000)
  to   space 17472K,   0% used [0x00000000e8880000, 0x00000000e8880000, 0x00000000e9990000)
 concurrent mark-sweep generation total 349568K, used 289660K [0x00000000eaaa0000, 0x0000000100000000, 0x0000000100000000)
 Metaspace       used 69059K, capacity 74465K, committed 74584K, reserved 1112064K
  class space    used 9868K, capacity 11216K, committed 11260K, reserved 1048576K

Card table byte_map: [0x0000000012740000,0x0000000012850000] byte_map_base: 0x0000000012040000

Marking Bits: (CMSBitMap*) 0x0000000002cf57d8
 Bits: [0x0000000012f60000, 0x00000000134b5800)

Mod Union Table: (CMSBitMap*) 0x0000000002cf5898
 Bits: [0x00000000029d0000, 0x00000000029e5560)

Polling page: 0x00000000011b0000

CodeCache: size=245760Kb used=36462Kb max_used=36462Kb free=209297Kb
 bounds [0x0000000002d80000, 0x0000000005160000, 0x0000000011d80000]
 total_blobs=11149 nmethods=10316 adapters=741
 compilation: enabled

Compilation events (10 events):
Event: 97.458 Thread 0x0000000016f17000 nmethod 14654 0x0000000004983ad0 code [0x0000000004983ca0, 0x0000000004984298]
Event: 97.458 Thread 0x0000000016f17000 14652       3       net.minecraft.server.v1_14_R1.PlayerConnection::syncPosition (67 bytes)
Event: 97.458 Thread 0x0000000016f17000 nmethod 14652 0x00000000040b0e90 code [0x00000000040b0fe0, 0x00000000040b1170]
Event: 97.458 Thread 0x0000000016f17000 14653       3       net.minecraft.server.v1_14_R1.EntityHuman::ab (17 bytes)
Event: 97.459 Thread 0x0000000016f17000 nmethod 14653 0x00000000049ddad0 code [0x00000000049ddc20, 0x00000000049dddf0]
Event: 97.478 Thread 0x0000000016f17000 14655       3       net.minecraft.server.v1_14_R1.ChunkProviderGenerate::doMobSpawning (34 bytes)
Event: 97.478 Thread 0x0000000016f17000 nmethod 14655 0x0000000003e2bf10 code [0x0000000003e2c0a0, 0x0000000003e2c328]
Event: 97.486 Thread 0x0000000016f17000 14656       3       net.minecraft.server.v1_14_R1.TickListServer::a (39 bytes)
Event: 97.487 Thread 0x0000000016f17000 nmethod 14656 0x00000000035b0ad0 code [0x00000000035b0cc0, 0x00000000035b1548]
Event: 97.488 Thread 0x0000000016f17000 14657       3       net.minecraft.server.v1_14_R1.EntityPlayer::tick (307 bytes)

GC Heap History (10 events):
Event: 89.104 GC heap before
{Heap before GC invocations=188 (full 5):
 par new generation   total 157248K, used 157248K [0x00000000e0000000, 0x00000000eaaa0000, 0x00000000eaaa0000)
  eden space 139776K, 100% used [0x00000000e0000000, 0x00000000e8880000, 0x00000000e8880000)
  from space 17472K, 100% used [0x00000000e8880000, 0x00000000e9990000, 0x00000000e9990000)
  to   space 17472K,   0% used [0x00000000e9990000, 0x00000000e9990000, 0x00000000eaaa0000)
 concurrent mark-sweep generation total 349568K, used 262068K [0x00000000eaaa0000, 0x0000000100000000, 0x0000000100000000)
 Metaspace       used 68610K, capacity 73993K, committed 74328K, reserved 1112064K
  class space    used 9835K, capacity 11172K, committed 11260K, reserved 1048576K
Event: 89.125 GC heap after
Heap after GC invocations=189 (full 5):
 par new generation   total 157248K, used 13479K [0x00000000e0000000, 0x00000000eaaa0000, 0x00000000eaaa0000)
  eden space 139776K,   0% used [0x00000000e0000000, 0x00000000e0000000, 0x00000000e8880000)
  from space 17472K,  77% used [0x00000000e9990000, 0x00000000ea6b9ec0, 0x00000000eaaa0000)
  to   space 17472K,   0% used [0x00000000e8880000, 0x00000000e8880000, 0x00000000e9990000)
 concurrent mark-sweep generation total 349568K, used 273276K [0x00000000eaaa0000, 0x0000000100000000, 0x0000000100000000)
 Metaspace       used 68610K, capacity 73993K, committed 74328K, reserved 1112064K
  class space    used 9835K, capacity 11172K, committed 11260K, reserved 1048576K
}
Event: 90.591 GC heap before
{Heap before GC invocations=189 (full 5):
 par new generation   total 157248K, used 137484K [0x00000000e0000000, 0x00000000eaaa0000, 0x00000000eaaa0000)
  eden space 139776K,  88% used [0x00000000e0000000, 0x00000000e79191a0, 0x00000000e8880000)
  from space 17472K,  77% used [0x00000000e9990000, 0x00000000ea6b9ec0, 0x00000000eaaa0000)
  to   space 17472K,   0% used [0x00000000e8880000, 0x00000000e8880000, 0x00000000e9990000)
 concurrent mark-sweep generation total 349568K, used 273276K [0x00000000eaaa0000, 0x0000000100000000, 0x0000000100000000)
 Metaspace       used 68730K, capacity 74137K, committed 74328K, reserved 1112064K
  class space    used 9838K, capacity 11174K, committed 11260K, reserved 1048576K
Event: 90.603 GC heap after
Heap after GC invocations=190 (full 5):
 par new generation   total 157248K, used 7671K [0x00000000e0000000, 0x00000000eaaa0000, 0x00000000eaaa0000)
  eden space 139776K,   0% used [0x00000000e0000000, 0x00000000e0000000, 0x00000000e8880000)
  from space 17472K,  43% used [0x00000000e8880000, 0x00000000e8ffde08, 0x00000000e9990000)
  to   space 17472K,   0% used [0x00000000e9990000, 0x00000000e9990000, 0x00000000eaaa0000)
 concurrent mark-sweep generation total 349568K, used 273276K [0x00000000eaaa0000, 0x0000000100000000, 0x0000000100000000)
 Metaspace       used 68730K, capacity 74137K, committed 74328K, reserved 1112064K
  class space    used 9838K, capacity 11174K, committed 11260K, reserved 1048576K
}
Event: 91.841 GC heap before
{Heap before GC invocations=190 (full 5):
 par new generation   total 157248K, used 147370K [0x00000000e0000000, 0x00000000eaaa0000, 0x00000000eaaa0000)
  eden space 139776K,  99% used [0x00000000e0000000, 0x00000000e886cbf0, 0x00000000e8880000)
  from space 17472K,  43% used [0x00000000e8880000, 0x00000000e8ffde08, 0x00000000e9990000)
  to   space 17472K,   0% used [0x00000000e9990000, 0x00000000e9990000, 0x00000000eaaa0000)
 concurrent mark-sweep generation total 349568K, used 273276K [0x00000000eaaa0000, 0x0000000100000000, 0x0000000100000000)
 Metaspace       used 68889K, capacity 74251K, committed 74328K, reserved 1112064K
  class space    used 9858K, capacity 11209K, committed 11260K, reserved 1048576K
Event: 91.868 GC heap after
Heap after GC invocations=191 (full 5):
 par new generation   total 157248K, used 9464K [0x00000000e0000000, 0x00000000eaaa0000, 0x00000000eaaa0000)
  eden space 139776K,   0% used [0x00000000e0000000, 0x00000000e0000000, 0x00000000e8880000)
  from space 17472K,  54% used [0x00000000e9990000, 0x00000000ea2ce1e8, 0x00000000eaaa0000)
  to   space 17472K,   0% used [0x00000000e8880000, 0x00000000e8880000, 0x00000000e9990000)
 concurrent mark-sweep generation total 349568K, used 289660K [0x00000000eaaa0000, 0x0000000100000000, 0x0000000100000000)
 Metaspace       used 68889K, capacity 74251K, committed 74328K, reserved 1112064K
  class space    used 9858K, capacity 11209K, committed 11260K, reserved 1048576K
}
Event: 93.344 GC heap before
{Heap before GC invocations=191 (full 5):
 par new generation   total 157248K, used 149227K [0x00000000e0000000, 0x00000000eaaa0000, 0x00000000eaaa0000)
  eden space 139776K,  99% used [0x00000000e0000000, 0x00000000e887cae0, 0x00000000e8880000)
  from space 17472K,  54% used [0x00000000e9990000, 0x00000000ea2ce1e8, 0x00000000eaaa0000)
  to   space 17472K,   0% used [0x00000000e8880000, 0x00000000e8880000, 0x00000000e9990000)
 concurrent mark-sweep generation total 349568K, used 289660K [0x00000000eaaa0000, 0x0000000100000000, 0x0000000100000000)
 Metaspace       used 68952K, capacity 74315K, committed 74584K, reserved 1112064K
  class space    used 9859K, capacity 11209K, committed 11260K, reserved 1048576K
Event: 93.354 GC heap after
Heap after GC invocations=192 (full 5):
 par new generation   total 157248K, used 13740K [0x00000000e0000000, 0x00000000eaaa0000, 0x00000000eaaa0000)
  eden space 139776K,   0% used [0x00000000e0000000, 0x00000000e0000000, 0x00000000e8880000)
  from space 17472K,  78% used [0x00000000e8880000, 0x00000000e95eb3a0, 0x00000000e9990000)
  to   space 17472K,   0% used [0x00000000e9990000, 0x00000000e9990000, 0x00000000eaaa0000)
 concurrent mark-sweep generation total 349568K, used 289660K [0x00000000eaaa0000, 0x0000000100000000, 0x0000000100000000)
 Metaspace       used 68952K, capacity 74315K, committed 74584K, reserved 1112064K
  class space    used 9859K, capacity 11209K, committed 11260K, reserved 1048576K
}
Event: 97.427 GC heap before
{Heap before GC invocations=192 (full 5):
 par new generation   total 157248K, used 153516K [0x00000000e0000000, 0x00000000eaaa0000, 0x00000000eaaa0000)
  eden space 139776K, 100% used [0x00000000e0000000, 0x00000000e8880000, 0x00000000e8880000)
  from space 17472K,  78% used [0x00000000e8880000, 0x00000000e95eb3a0, 0x00000000e9990000)
  to   space 17472K,   0% used [0x00000000e9990000, 0x00000000e9990000, 0x00000000eaaa0000)
 concurrent mark-sweep generation total 349568K, used 289660K [0x00000000eaaa0000, 0x0000000100000000, 0x0000000100000000)
 Metaspace       used 69030K, capacity 74465K, committed 74584K, reserved 1112064K
  class space    used 9868K, capacity 11216K, committed 11260K, reserved 1048576K
Event: 97.448 GC heap after
Heap after GC invocations=193 (full 5):
 par new generation   total 157248K, used 9520K [0x00000000e0000000, 0x00000000eaaa0000, 0x00000000eaaa0000)
  eden space 139776K,   0% used [0x00000000e0000000, 0x00000000e0000000, 0x00000000e8880000)
  from space 17472K,  54% used [0x00000000e9990000, 0x00000000ea2dc260, 0x00000000eaaa0000)
  to   space 17472K,   0% used [0x00000000e8880000, 0x00000000e8880000, 0x00000000e9990000)
 concurrent mark-sweep generation total 349568K, used 289660K [0x00000000eaaa0000, 0x0000000100000000, 0x0000000100000000)
 Metaspace       used 69030K, capacity 74465K, committed 74584K, reserved 1112064K
  class space    used 9868K, capacity 11216K, committed 11260K, reserved 1048576K
}

Deoptimization events (10 events):
Event: 97.331 Thread 0x000000001bdac800 Uncommon trap: reason=unstable_if action=reinterpret pc=0x00000000048eeb40 method=net.minecraft.server.v1_14_R1.Block.a(Lnet/minecraft/server/v1_14_R1/IBlockData;Lnet/minecraft/server/v1_14_R1/IBlockData;Lnet/minecraft/server/v1_14_R1/GeneratorAccess;Lnet
Event: 97.331 Thread 0x000000001bdac800 Uncommon trap: reason=class_check action=maybe_recompile pc=0x0000000003a0fa98 method=net.minecraft.server.v1_14_R1.ChunkProviderServer.flagDirty(Lnet/minecraft/server/v1_14_R1/BlockPosition;)V @ 1
Event: 97.331 Thread 0x000000001bdac800 Uncommon trap: reason=speculate_class_check action=maybe_recompile pc=0x0000000004cad484 method=net.minecraft.server.v1_14_R1.BlockPosition.west(I)Lnet/minecraft/server/v1_14_R1/BlockPosition; @ 5
Event: 97.331 Thread 0x000000001bdac800 Uncommon trap: reason=class_check action=maybe_recompile pc=0x0000000003a0fa98 method=net.minecraft.server.v1_14_R1.ChunkProviderServer.flagDirty(Lnet/minecraft/server/v1_14_R1/BlockPosition;)V @ 1
Event: 97.331 Thread 0x000000001bdac800 Uncommon trap: reason=speculate_class_check action=maybe_recompile pc=0x000000000430d3d4 method=net.minecraft.server.v1_14_R1.BlockPosition.west(I)Lnet/minecraft/server/v1_14_R1/BlockPosition; @ 5
Event: 97.335 Thread 0x000000001bdac800 Uncommon trap: reason=bimorphic action=maybe_recompile pc=0x0000000005044f14 method=net.minecraft.server.v1_14_R1.Chunk.a(Ljava/lang/Class;Lnet/minecraft/server/v1_14_R1/AxisAlignedBB;Ljava/util/List;Ljava/util/function/Predicate;)V @ 130
Event: 97.395 Thread 0x000000001bdac800 Uncommon trap: reason=unstable_if action=reinterpret pc=0x0000000003ec0ed8 method=net.minecraft.server.v1_14_R1.NextTickListEntry.equals(Ljava/lang/Object;)Z @ 34
Event: 97.397 Thread 0x000000001bdac800 Uncommon trap: reason=class_check action=maybe_recompile pc=0x0000000003a0fa98 method=net.minecraft.server.v1_14_R1.ChunkProviderServer.flagDirty(Lnet/minecraft/server/v1_14_R1/BlockPosition;)V @ 1
Event: 97.397 Thread 0x000000001bdac800 Uncommon trap: reason=speculate_class_check action=maybe_recompile pc=0x000000000430d3d4 method=net.minecraft.server.v1_14_R1.BlockPosition.west(I)Lnet/minecraft/server/v1_14_R1/BlockPosition; @ 5
Event: 97.451 Thread 0x000000001bdac800 Uncommon trap: reason=unstable_if action=reinterpret pc=0x0000000004e91ac4 method=net.minecraft.server.v1_14_R1.WorldServer.b(Lnet/minecraft/server/v1_14_R1/NextTickListEntry;)V @ 17

Classes redefined (0 events):
No events

Internal exceptions (10 events):
Event: 74.253 Thread 0x000000001bdac800 Exception <a 'java/lang/NoSuchMethodError': java.lang.Object.a(Lnet/minecraft/server/v1_14_R1/RayTrace;Lnet/minecraft/server/v1_14_R1/BlockPosition;)Lnet/minecraft/server/v1_14_R1/MovingObjectPositionBlock;> (0x00000000e3716738) thrown at [C:\re\workspace
Event: 74.253 Thread 0x000000001bdac800 Exception <a 'java/lang/NoSuchMethodError': java.lang.Object.b(Lnet/minecraft/server/v1_14_R1/RayTrace;)Lnet/minecraft/server/v1_14_R1/MovingObjectPositionBlock;> (0x00000000e371bd80) thrown at [C:\re\workspace\8-2-build-windows-amd64-cygwin\jdk8u211\1297
Event: 76.433 Thread 0x000000001bdac800 Implicit null exception at 0x000000000492be2c to 0x000000000492be75
Event: 78.431 Thread 0x000000001bdac800 Exception <a 'java/lang/NoSuchMethodError': java.lang.Object.a(Ljava/util/function/Consumer;Ljava/util/function/BiFunction;Lnet/minecraft/server/v1_14_R1/LootTableInfo;Lnet/minecraft/server/v1_14_R1/ItemStack;)V> (0x00000000e7908860) thrown at [C:\re\work
Event: 84.473 Thread 0x000000001ae3f000 Implicit null exception at 0x0000000003781498 to 0x00000000037815cd
Event: 84.641 Thread 0x000000001ae3f000 Implicit null exception at 0x000000000453282f to 0x00000000045328c1
Event: 84.794 Thread 0x000000001bdac800 Exception <a 'java/lang/NoSuchMethodError': java.lang.Object.b(Lnet/minecraft/server/v1_14_R1/IChatBaseComponent;)Lnet/minecraft/server/v1_14_R1/IChatBaseComponent;> (0x00000000e2c47628) thrown at [C:\re\workspace\8-2-build-windows-amd64-cygwin\jdk8u211\1
Event: 85.858 Thread 0x000000001bdac800 Exception <a 'java/lang/NoSuchMethodError': java.lang.Object.c(Lnet/minecraft/server/v1_14_R1/Entity;Lnet/minecraft/server/v1_14_R1/Entity;)Z> (0x00000000e3afe528) thrown at [C:\re\workspace\8-2-build-windows-amd64-cygwin\jdk8u211\12973\hotspot\src\share\
Event: 85.858 Thread 0x000000001bdac800 Exception <a 'java/lang/NoSuchMethodError': java.lang.Object.a(Lnet/minecraft/server/v1_14_R1/VoxelShape;Lnet/minecraft/server/v1_14_R1/Entity;)Z> (0x00000000e3b01970) thrown at [C:\re\workspace\8-2-build-windows-amd64-cygwin\jdk8u211\12973\hotspot\src\sh
Event: 89.860 Thread 0x000000001bdac800 Implicit null exception at 0x0000000004b9bc9e to 0x0000000004b9dcdd

Events (10 events):
Event: 97.397 Thread 0x000000001bdac800 DEOPT PACKING pc=0x0000000003a0fa98 sp=0x000000001d90e110
Event: 97.397 Thread 0x000000001bdac800 DEOPT UNPACKING pc=0x0000000002dc583b sp=0x000000001d90e0b0 mode 2
Event: 97.397 Thread 0x000000001bdac800 Uncommon trap: trap_request=0xffffff76 fr.pc=0x000000000430d3d4
Event: 97.397 Thread 0x000000001bdac800 DEOPT PACKING pc=0x000000000430d3d4 sp=0x000000001d90e190
Event: 97.397 Thread 0x000000001bdac800 DEOPT UNPACKING pc=0x0000000002dc583b sp=0x000000001d90e0b8 mode 2
Event: 97.426 Executing VM operation: GenCollectForAllocation
Event: 97.448 Executing VM operation: GenCollectForAllocation done
Event: 97.451 Thread 0x000000001bdac800 Uncommon trap: trap_request=0xffffff65 fr.pc=0x0000000004e91ac4
Event: 97.451 Thread 0x000000001bdac800 DEOPT PACKING pc=0x0000000004e91ac4 sp=0x000000001d90ea90
Event: 97.451 Thread 0x000000001bdac800 DEOPT UNPACKING pc=0x0000000002dc583b sp=0x000000001d90e9b8 mode 2


Dynamic libraries:
0x00007ff7a9ff0000 - 0x00007ff7aa027000 	C:\Program Files (x86)\Common Files\Oracle\Java\javapath\java.exe
0x00007fff6f0d0000 - 0x00007fff6f2b1000 	C:\WINDOWS\SYSTEM32\ntdll.dll
0x00007fff6efd0000 - 0x00007fff6f081000 	C:\WINDOWS\System32\KERNEL32.DLL
0x00007fff6bab0000 - 0x00007fff6bd23000 	C:\WINDOWS\System32\KERNELBASE.dll
0x00007fff6ee00000 - 0x00007fff6eea1000 	C:\WINDOWS\System32\ADVAPI32.dll
0x00007fff6d2e0000 - 0x00007fff6d37e000 	C:\WINDOWS\System32\msvcrt.dll
0x00007fff6d5d0000 - 0x00007fff6d62b000 	C:\WINDOWS\System32\sechost.dll
0x00007fff6d180000 - 0x00007fff6d2a4000 	C:\WINDOWS\System32\RPCRT4.dll
0x00007fff6d6b0000 - 0x00007fff6d840000 	C:\WINDOWS\System32\USER32.dll
0x00007fff6bd30000 - 0x00007fff6bd50000 	C:\WINDOWS\System32\win32u.dll
0x00007fff6d580000 - 0x00007fff6d5a8000 	C:\WINDOWS\System32\GDI32.dll
0x00007fff6b860000 - 0x00007fff6b9f1000 	C:\WINDOWS\System32\gdi32full.dll
0x00007fff6b7c0000 - 0x00007fff6b85f000 	C:\WINDOWS\System32\msvcp_win.dll
0x00007fff6bd50000 - 0x00007fff6be48000 	C:\WINDOWS\System32\ucrtbase.dll
0x00007fff5f560000 - 0x00007fff5f7c9000 	C:\WINDOWS\WinSxS\amd64_microsoft.windows.common-controls_6595b64144ccf1df_6.0.17134.885_none_fb42a3473065565f\COMCTL32.dll
0x00007fff6c9b0000 - 0x00007fff6ccd2000 	C:\WINDOWS\System32\combase.dll
0x00007fff6b4f0000 - 0x00007fff6b569000 	C:\WINDOWS\System32\bcryptPrimitives.dll
0x00007fff6d2b0000 - 0x00007fff6d2dd000 	C:\WINDOWS\System32\IMM32.DLL
0x00000000504b0000 - 0x0000000050582000 	C:\Program Files\Java\jre1.8.0_211\bin\msvcr100.dll
0x00000000743c0000 - 0x0000000074c65000 	C:\Program Files\Java\jre1.8.0_211\bin\server\jvm.dll
0x00007fff6cce0000 - 0x00007fff6cce8000 	C:\WINDOWS\System32\PSAPI.DLL
0x00007fff68ec0000 - 0x00007fff68ec9000 	C:\WINDOWS\SYSTEM32\WSOCK32.dll
0x00007fff614b0000 - 0x00007fff614d3000 	C:\WINDOWS\SYSTEM32\WINMM.dll
0x00007fff690c0000 - 0x00007fff690ca000 	C:\WINDOWS\SYSTEM32\VERSION.dll
0x00007fff6eeb0000 - 0x00007fff6ef1c000 	C:\WINDOWS\System32\WS2_32.dll
0x00007fff610a0000 - 0x00007fff610ca000 	C:\WINDOWS\SYSTEM32\winmmbase.dll
0x00007fff6b4a0000 - 0x00007fff6b4e9000 	C:\WINDOWS\System32\cfgmgr32.dll
0x00007fff644b0000 - 0x00007fff644bf000 	C:\Program Files\Java\jre1.8.0_211\bin\verify.dll
0x00007fff5eac0000 - 0x00007fff5eae9000 	C:\Program Files\Java\jre1.8.0_211\bin\java.dll
0x00007fff5ea80000 - 0x00007fff5ea96000 	C:\Program Files\Java\jre1.8.0_211\bin\zip.dll
0x00007fff6d9c0000 - 0x00007fff6ee00000 	C:\WINDOWS\System32\SHELL32.dll
0x00007fff6ef20000 - 0x00007fff6efc9000 	C:\WINDOWS\System32\shcore.dll
0x00007fff6be50000 - 0x00007fff6c55d000 	C:\WINDOWS\System32\windows.storage.dll
0x00007fff6d380000 - 0x00007fff6d3d1000 	C:\WINDOWS\System32\shlwapi.dll
0x00007fff6b480000 - 0x00007fff6b491000 	C:\WINDOWS\System32\kernel.appcore.dll
0x00007fff6b460000 - 0x00007fff6b47f000 	C:\WINDOWS\System32\profapi.dll
0x00007fff6b3e0000 - 0x00007fff6b42c000 	C:\WINDOWS\System32\powrprof.dll
0x00007fff6b450000 - 0x00007fff6b45a000 	C:\WINDOWS\System32\FLTLIB.DLL
0x00007fff6adb0000 - 0x00007fff6adc7000 	C:\WINDOWS\SYSTEM32\CRYPTSP.dll
0x00007fff6a7f0000 - 0x00007fff6a823000 	C:\WINDOWS\system32\rsaenh.dll
0x00007fff6aee0000 - 0x00007fff6af05000 	C:\WINDOWS\SYSTEM32\bcrypt.dll
0x00007fff6b2e0000 - 0x00007fff6b308000 	C:\WINDOWS\SYSTEM32\USERENV.dll
0x00007fff6add0000 - 0x00007fff6addb000 	C:\WINDOWS\SYSTEM32\CRYPTBASE.dll
0x00007fff57990000 - 0x00007fff579aa000 	C:\Program Files\Java\jre1.8.0_211\bin\net.dll
0x00007fff64da0000 - 0x00007fff64f69000 	C:\WINDOWS\SYSTEM32\urlmon.dll
0x00007fff624e0000 - 0x00007fff62786000 	C:\WINDOWS\SYSTEM32\iertutil.dll
0x00007fff6ac00000 - 0x00007fff6ac66000 	C:\WINDOWS\system32\mswsock.dll
0x00007fff6a990000 - 0x00007fff6a9c8000 	C:\WINDOWS\SYSTEM32\IPHLPAPI.DLL
0x00007fff6d570000 - 0x00007fff6d578000 	C:\WINDOWS\System32\NSI.dll
0x00007fff666e0000 - 0x00007fff666f6000 	C:\WINDOWS\SYSTEM32\dhcpcsvc6.DLL
0x00007fff666c0000 - 0x00007fff666da000 	C:\WINDOWS\SYSTEM32\dhcpcsvc.DLL
0x00007fff578a0000 - 0x00007fff578b2000 	C:\Program Files\Java\jre1.8.0_211\bin\nio.dll
0x00007fff610d0000 - 0x00007fff610da000 	C:\Users\Mara\AppData\Local\Temp\jansi-64-git-Spigot-5e4e7f3-2349feb-1465789948826991471.dll
0x00007fff60040000 - 0x00007fff6004d000 	C:\Program Files\Java\jre1.8.0_211\bin\management.dll
0x00007fff45cf0000 - 0x00007fff45d06000 	C:\WINDOWS\system32\napinsp.dll
0x00007fff45cd0000 - 0x00007fff45cea000 	C:\WINDOWS\system32\pnrpnsp.dll
0x00007fff68cc0000 - 0x00007fff68cd9000 	C:\WINDOWS\system32\NLAapi.dll
0x00007fff6a9d0000 - 0x00007fff6aa8e000 	C:\WINDOWS\SYSTEM32\DNSAPI.dll
0x00007fff587a0000 - 0x00007fff587ae000 	C:\WINDOWS\System32\winrnr.dll
0x00007fff66430000 - 0x00007fff6643a000 	C:\Windows\System32\rasadhlp.dll
0x00007fff660c0000 - 0x00007fff66132000 	C:\WINDOWS\System32\fwpuclnt.dll
0x00007fff539a0000 - 0x00007fff539c4000 	C:\Program Files\Java\jre1.8.0_211\bin\sunec.dll
0x00007fff5ffd0000 - 0x00007fff5ffdb000 	C:\Program Files\Java\jre1.8.0_211\bin\sunmscapi.dll
0x00007fff6b570000 - 0x00007fff6b752000 	C:\WINDOWS\System32\CRYPT32.dll
0x00007fff6b430000 - 0x00007fff6b442000 	C:\WINDOWS\System32\MSASN1.dll

VM Arguments:
jvm_args: -Xms512M -Xmx512M -XX:+UseConcMarkSweepGC 
java_command: spigot-1.14.3-R0.1-SNAPSHOT.jar
java_class_path (initial): spigot-1.14.3-R0.1-SNAPSHOT.jar
Launcher Type: SUN_STANDARD

Environment Variables:
JAVA_HOME=C:\Program Files\Java\jdk1.8.0_211
PATH=C:\Program Files (x86)\Common Files\Oracle\Java\javapath;C:\Program Files (x86)\NVIDIA Corporation\PhysX\Common;C:\WINDOWS\system32;C:\WINDOWS;C:\WINDOWS\System32\Wbem;C:\WINDOWS\System32\WindowsPowerShell\v1.0\;C:\WINDOWS\System32\OpenSSH\;C:\Program Files\Java\jdk1.8.0_211\bin;C:\Users\Mara\AppData\Local\Microsoft\WindowsApps;C:\Users\Mara\AppData\Local\GitHubDesktop\bin
USERNAME=Mara
OS=Windows_NT
PROCESSOR_IDENTIFIER=AMD64 Family 21 Model 1 Stepping 2, AuthenticAMD



---------------  S Y S T E M  ---------------

OS: Windows 10.0 , 64 bit Build 17134 (10.0.17134.753)

CPU:total 6 (initial active 6) (6 cores per cpu, 1 threads per core) family 21 model 1 stepping 2, cmov, cx8, fxsr, mmx, sse, sse2, sse3, ssse3, sse4.1, sse4.2, popcnt, avx, aes, clmul, mmxext, 3dnowpref, lzcnt, sse4a, tsc, tscinvbit, tscinv

Memory: 4k page, physical 8371440k(953784k free), swap 8371440k(5204k free)

vm_info: Java HotSpot(TM) 64-Bit Server VM (25.211-b12) for windows-amd64 JRE (1.8.0_211-b12), built on Apr  1 2019 20:53:26 by "java_re" with MS VC++ 10.0 (VS2010)

time: Sat Jul 13 21:07:41 2019
timezone: W. Europe Daylight Time
elapsed time: 97 seconds (0d 0h 1m 37s)

