[22:26:19] [Server thread/INFO]: Starting minecraft server version 1.14.3
[22:26:19] [Server thread/WARN]: To start the server with more ram, launch it as "java -Xmx1024M -Xms1024M -jar minecraft_server.jar"
[22:26:19] [Server thread/INFO]: Loading properties
[22:26:19] [Server thread/INFO]: This server is running CraftBukkit version git-Spigot-5e4e7f3-2349feb (MC: 1.14.3) (Implementing API version 1.14.3-R0.1-SNAPSHOT)
[22:26:20] [Server thread/INFO]: Debug logging is disabled
[22:26:20] [Server thread/INFO]: Server Ping Player Sample Count: 12
[22:26:20] [Server thread/INFO]: Using 4 threads for Netty based IO
[22:26:20] [Server thread/INFO]: Default game type: SURVIVAL
[22:26:20] [Server thread/INFO]: Generating keypair
[22:26:20] [Server thread/INFO]: Starting Minecraft server on *:25565
[22:26:20] [Server thread/INFO]: Using default channel type
[22:26:27] [Server thread/INFO]: [MinecraftSpigotPluginVonMara] Loading MinecraftSpigotPluginVonMara v1.0
[22:26:27] [Server thread/INFO]: Preparing level "world"
[22:26:27] [Server thread/INFO]: Found new data pack file/bukkit, loading it automatically
[22:26:27] [Server thread/INFO]: Found new data pack vanilla, loading it automatically
[22:26:27] [Server thread/INFO]: Reloading ResourceManager: Default, bukkit
[22:26:28] [Server thread/INFO]: Loaded 6 recipes
[22:26:29] [Server thread/INFO]: -------- World Settings For [world] --------
[22:26:29] [Server thread/INFO]: View Distance: 10
[22:26:29] [Server thread/INFO]: Nerfing mobs spawned from spawners: false
[22:26:29] [Server thread/INFO]: Arrow Despawn Rate: 1200
[22:26:29] [Server thread/INFO]: Item Despawn Rate: 6000
[22:26:29] [Server thread/INFO]: Item Merge Radius: 2.5
[22:26:29] [Server thread/INFO]: Allow Zombie Pigmen to spawn from portal blocks: true
[22:26:29] [Server thread/INFO]: Zombie Aggressive Towards Villager: true
[22:26:29] [Server thread/INFO]: Entity Tracking Range: Pl 48 / An 48 / Mo 48 / Mi 32 / Other 64
[22:26:29] [Server thread/INFO]: Hopper Transfer: 8 Hopper Check: 1 Hopper Amount: 1
[22:26:29] [Server thread/INFO]: Mob Spawn Range: 6
[22:26:29] [Server thread/INFO]: Cactus Growth Modifier: 100%
[22:26:29] [Server thread/INFO]: Cane Growth Modifier: 100%
[22:26:29] [Server thread/INFO]: Melon Growth Modifier: 100%
[22:26:29] [Server thread/INFO]: Mushroom Growth Modifier: 100%
[22:26:29] [Server thread/INFO]: Pumpkin Growth Modifier: 100%
[22:26:29] [Server thread/INFO]: Sapling Growth Modifier: 100%
[22:26:29] [Server thread/INFO]: Beetroot Growth Modifier: 100%
[22:26:29] [Server thread/INFO]: Carrot Growth Modifier: 100%
[22:26:29] [Server thread/INFO]: Potato Growth Modifier: 100%
[22:26:29] [Server thread/INFO]: Wheat Growth Modifier: 100%
[22:26:29] [Server thread/INFO]: NetherWart Growth Modifier: 100%
[22:26:29] [Server thread/INFO]: Vine Growth Modifier: 100%
[22:26:29] [Server thread/INFO]: Cocoa Growth Modifier: 100%
[22:26:29] [Server thread/INFO]: Bamboo Growth Modifier: 100%
[22:26:29] [Server thread/INFO]: SweetBerry Growth Modifier: 100%
[22:26:29] [Server thread/INFO]: Kelp Growth Modifier: 100%
[22:26:29] [Server thread/INFO]: Experience Merge Radius: 3.0
[22:26:29] [Server thread/INFO]: Entity Activation Range: An 32 / Mo 32 / Ra 48 / Mi 16 / Tiv true
[22:26:29] [Server thread/INFO]: Max TNT Explosions: 100
[22:26:29] [Server thread/INFO]: Tile Max Tick Time: 50ms Entity max Tick Time: 50ms
[22:26:29] [Server thread/INFO]: Custom Map Seeds:  Village: 10387312 Desert: 14357617 Igloo: 14357618 Jungle: 14357619 Swamp: 14357620 Monument: 10387313Ocean: 14357621 Shipwreck: 165745295 Slime: 987234911
[22:26:40] [Server thread/INFO]: -------- World Settings For [world_nether] --------
[22:26:40] [Server thread/INFO]: View Distance: 10
[22:26:40] [Server thread/INFO]: Nerfing mobs spawned from spawners: false
[22:26:40] [Server thread/INFO]: Arrow Despawn Rate: 1200
[22:26:40] [Server thread/INFO]: Item Despawn Rate: 6000
[22:26:40] [Server thread/INFO]: Item Merge Radius: 2.5
[22:26:40] [Server thread/INFO]: Allow Zombie Pigmen to spawn from portal blocks: true
[22:26:40] [Server thread/INFO]: Zombie Aggressive Towards Villager: true
[22:26:40] [Server thread/INFO]: Entity Tracking Range: Pl 48 / An 48 / Mo 48 / Mi 32 / Other 64
[22:26:40] [Server thread/INFO]: Hopper Transfer: 8 Hopper Check: 1 Hopper Amount: 1
[22:26:40] [Server thread/INFO]: Mob Spawn Range: 6
[22:26:40] [Server thread/INFO]: Cactus Growth Modifier: 100%
[22:26:40] [Server thread/INFO]: Cane Growth Modifier: 100%
[22:26:40] [Server thread/INFO]: Melon Growth Modifier: 100%
[22:26:40] [Server thread/INFO]: Mushroom Growth Modifier: 100%
[22:26:40] [Server thread/INFO]: Pumpkin Growth Modifier: 100%
[22:26:40] [Server thread/INFO]: Sapling Growth Modifier: 100%
[22:26:40] [Server thread/INFO]: Beetroot Growth Modifier: 100%
[22:26:40] [Server thread/INFO]: Carrot Growth Modifier: 100%
[22:26:40] [Server thread/INFO]: Potato Growth Modifier: 100%
[22:26:40] [Server thread/INFO]: Wheat Growth Modifier: 100%
[22:26:40] [Server thread/INFO]: NetherWart Growth Modifier: 100%
[22:26:40] [Server thread/INFO]: Vine Growth Modifier: 100%
[22:26:40] [Server thread/INFO]: Cocoa Growth Modifier: 100%
[22:26:40] [Server thread/INFO]: Bamboo Growth Modifier: 100%
[22:26:40] [Server thread/INFO]: SweetBerry Growth Modifier: 100%
[22:26:40] [Server thread/INFO]: Kelp Growth Modifier: 100%
[22:26:40] [Server thread/INFO]: Experience Merge Radius: 3.0
[22:26:40] [Server thread/INFO]: Entity Activation Range: An 32 / Mo 32 / Ra 48 / Mi 16 / Tiv true
[22:26:40] [Server thread/INFO]: Max TNT Explosions: 100
[22:26:40] [Server thread/INFO]: Tile Max Tick Time: 50ms Entity max Tick Time: 50ms
[22:26:40] [Server thread/INFO]: Custom Map Seeds:  Village: 10387312 Desert: 14357617 Igloo: 14357618 Jungle: 14357619 Swamp: 14357620 Monument: 10387313Ocean: 14357621 Shipwreck: 165745295 Slime: 987234911
[22:26:40] [Server thread/INFO]: -------- World Settings For [world_the_end] --------
[22:26:40] [Server thread/INFO]: View Distance: 10
[22:26:40] [Server thread/INFO]: Nerfing mobs spawned from spawners: false
[22:26:40] [Server thread/INFO]: Arrow Despawn Rate: 1200
[22:26:40] [Server thread/INFO]: Item Despawn Rate: 6000
[22:26:40] [Server thread/INFO]: Item Merge Radius: 2.5
[22:26:40] [Server thread/INFO]: Allow Zombie Pigmen to spawn from portal blocks: true
[22:26:40] [Server thread/INFO]: Zombie Aggressive Towards Villager: true
[22:26:40] [Server thread/INFO]: Entity Tracking Range: Pl 48 / An 48 / Mo 48 / Mi 32 / Other 64
[22:26:40] [Server thread/INFO]: Hopper Transfer: 8 Hopper Check: 1 Hopper Amount: 1
[22:26:40] [Server thread/INFO]: Mob Spawn Range: 6
[22:26:40] [Server thread/INFO]: Cactus Growth Modifier: 100%
[22:26:40] [Server thread/INFO]: Cane Growth Modifier: 100%
[22:26:40] [Server thread/INFO]: Melon Growth Modifier: 100%
[22:26:40] [Server thread/INFO]: Mushroom Growth Modifier: 100%
[22:26:40] [Server thread/INFO]: Pumpkin Growth Modifier: 100%
[22:26:40] [Server thread/INFO]: Sapling Growth Modifier: 100%
[22:26:40] [Server thread/INFO]: Beetroot Growth Modifier: 100%
[22:26:40] [Server thread/INFO]: Carrot Growth Modifier: 100%
[22:26:40] [Server thread/INFO]: Potato Growth Modifier: 100%
[22:26:40] [Server thread/INFO]: Wheat Growth Modifier: 100%
[22:26:40] [Server thread/INFO]: NetherWart Growth Modifier: 100%
[22:26:40] [Server thread/INFO]: Vine Growth Modifier: 100%
[22:26:40] [Server thread/INFO]: Cocoa Growth Modifier: 100%
[22:26:40] [Server thread/INFO]: Bamboo Growth Modifier: 100%
[22:26:40] [Server thread/INFO]: SweetBerry Growth Modifier: 100%
[22:26:40] [Server thread/INFO]: Kelp Growth Modifier: 100%
[22:26:40] [Server thread/INFO]: Experience Merge Radius: 3.0
[22:26:40] [Server thread/INFO]: Entity Activation Range: An 32 / Mo 32 / Ra 48 / Mi 16 / Tiv true
[22:26:40] [Server thread/INFO]: Max TNT Explosions: 100
[22:26:40] [Server thread/INFO]: Tile Max Tick Time: 50ms Entity max Tick Time: 50ms
[22:26:40] [Server thread/INFO]: Custom Map Seeds:  Village: 10387312 Desert: 14357617 Igloo: 14357618 Jungle: 14357619 Swamp: 14357620 Monument: 10387313Ocean: 14357621 Shipwreck: 165745295 Slime: 987234911
[22:26:40] [Server thread/INFO]: Preparing start region for dimension 'world'/minecraft:overworld
[22:26:40] [Server-Worker-3/INFO]: Preparing spawn area: 0%
[22:26:41] [Server-Worker-1/INFO]: Preparing spawn area: 0%
[22:26:42] [Server-Worker-5/INFO]: Preparing spawn area: 0%
[22:26:42] [Server-Worker-5/INFO]: Preparing spawn area: 0%
[22:26:42] [Server-Worker-4/INFO]: Preparing spawn area: 0%
[22:26:43] [Server-Worker-3/INFO]: Preparing spawn area: 1%
[22:26:43] [Server-Worker-2/INFO]: Preparing spawn area: 2%
[22:26:44] [Server-Worker-2/INFO]: Preparing spawn area: 3%
[22:26:44] [Server-Worker-5/INFO]: Preparing spawn area: 4%
[22:26:45] [Server-Worker-1/INFO]: Preparing spawn area: 6%
[22:26:45] [Server-Worker-5/INFO]: Preparing spawn area: 8%
[22:26:46] [Server-Worker-2/INFO]: Preparing spawn area: 9%
[22:26:46] [Server-Worker-5/INFO]: Preparing spawn area: 10%
[22:26:47] [Server-Worker-4/INFO]: Preparing spawn area: 12%
[22:26:47] [Server-Worker-2/INFO]: Preparing spawn area: 13%
[22:26:48] [Server-Worker-4/INFO]: Preparing spawn area: 15%
[22:26:48] [Server-Worker-1/INFO]: Preparing spawn area: 15%
[22:26:49] [Server-Worker-3/INFO]: Preparing spawn area: 17%
[22:26:49] [Server-Worker-1/INFO]: Preparing spawn area: 17%
[22:26:50] [Server-Worker-5/INFO]: Preparing spawn area: 17%
[22:26:50] [Server-Worker-4/INFO]: Preparing spawn area: 23%
[22:26:51] [Server-Worker-4/INFO]: Preparing spawn area: 24%
[22:26:51] [Server-Worker-5/INFO]: Preparing spawn area: 25%
[22:26:52] [Server-Worker-4/INFO]: Preparing spawn area: 28%
[22:26:52] [Server-Worker-5/INFO]: Preparing spawn area: 29%
[22:26:53] [Server-Worker-2/INFO]: Preparing spawn area: 32%
[22:26:53] [Server-Worker-3/INFO]: Preparing spawn area: 34%
[22:26:54] [Server-Worker-5/INFO]: Preparing spawn area: 36%
[22:26:54] [Server-Worker-4/INFO]: Preparing spawn area: 37%
[22:26:55] [Server-Worker-3/INFO]: Preparing spawn area: 40%
[22:26:55] [Server-Worker-1/INFO]: Preparing spawn area: 42%
[22:26:56] [Server-Worker-3/INFO]: Preparing spawn area: 44%
[22:26:56] [Server-Worker-3/INFO]: Preparing spawn area: 45%
[22:26:57] [Server-Worker-3/INFO]: Preparing spawn area: 48%
[22:26:57] [Server-Worker-3/INFO]: Preparing spawn area: 49%
[22:26:58] [Server-Worker-4/INFO]: Preparing spawn area: 51%
[22:26:58] [Server-Worker-2/INFO]: Preparing spawn area: 54%
[22:26:59] [Server-Worker-1/INFO]: Preparing spawn area: 55%
[22:26:59] [Server-Worker-5/INFO]: Preparing spawn area: 57%
[22:27:00] [Server-Worker-1/INFO]: Preparing spawn area: 58%
[22:27:00] [Server-Worker-1/INFO]: Preparing spawn area: 60%
[22:27:01] [Server-Worker-5/INFO]: Preparing spawn area: 62%
[22:27:02] [Server-Worker-3/INFO]: Preparing spawn area: 65%
[22:27:02] [Server-Worker-5/INFO]: Preparing spawn area: 65%
[22:27:02] [Server-Worker-3/INFO]: Preparing spawn area: 65%
[22:27:03] [Server-Worker-1/INFO]: Preparing spawn area: 69%
[22:27:03] [Server-Worker-1/INFO]: Preparing spawn area: 72%
[22:27:04] [Server-Worker-4/INFO]: Preparing spawn area: 73%
[22:27:04] [Server-Worker-4/INFO]: Preparing spawn area: 75%
[22:27:05] [Server-Worker-3/INFO]: Preparing spawn area: 77%
[22:27:05] [Server-Worker-2/INFO]: Preparing spawn area: 79%
[22:27:06] [Server-Worker-5/INFO]: Preparing spawn area: 81%
[22:27:06] [Server-Worker-3/INFO]: Preparing spawn area: 83%
[22:27:07] [Server-Worker-3/INFO]: Preparing spawn area: 85%
[22:27:07] [Server-Worker-5/INFO]: Preparing spawn area: 86%
[22:27:08] [Server-Worker-4/INFO]: Preparing spawn area: 88%
[22:27:08] [Server-Worker-3/INFO]: Preparing spawn area: 90%
[22:27:09] [Server-Worker-4/INFO]: Preparing spawn area: 92%
[22:27:09] [Server-Worker-4/INFO]: Preparing spawn area: 94%
[22:27:10] [Server-Worker-4/INFO]: Preparing spawn area: 96%
[22:27:10] [Server-Worker-5/INFO]: Preparing spawn area: 98%
[22:27:11] [Server thread/INFO]: Time elapsed: 30357 ms
[22:27:11] [Server thread/INFO]: Preparing start region for dimension 'world_nether'/minecraft:the_nether
[22:27:11] [Server-Worker-3/INFO]: Preparing spawn area: 0%
[22:27:11] [Server-Worker-2/INFO]: Preparing spawn area: 0%
[22:27:12] [Server-Worker-1/INFO]: Preparing spawn area: 0%
[22:27:12] [Server-Worker-3/INFO]: Preparing spawn area: 3%
[22:27:13] [Server-Worker-1/INFO]: Preparing spawn area: 8%
[22:27:13] [Server-Worker-4/INFO]: Preparing spawn area: 13%
[22:27:14] [Server-Worker-4/INFO]: Preparing spawn area: 17%
[22:27:14] [Server-Worker-2/INFO]: Preparing spawn area: 21%
[22:27:15] [Server-Worker-4/INFO]: Preparing spawn area: 25%
[22:27:15] [Server-Worker-2/INFO]: Preparing spawn area: 29%
[22:27:16] [Server-Worker-1/INFO]: Preparing spawn area: 32%
[22:27:16] [Server-Worker-2/INFO]: Preparing spawn area: 36%
[22:27:17] [Server-Worker-2/INFO]: Preparing spawn area: 40%
[22:27:17] [Server-Worker-2/INFO]: Preparing spawn area: 45%
[22:27:18] [Server-Worker-1/INFO]: Preparing spawn area: 48%
[22:27:18] [Server-Worker-3/INFO]: Preparing spawn area: 55%
[22:27:19] [Server-Worker-5/INFO]: Preparing spawn area: 61%
[22:27:19] [Server-Worker-4/INFO]: Preparing spawn area: 66%
[22:27:20] [Server-Worker-2/INFO]: Preparing spawn area: 71%
[22:27:20] [Server-Worker-1/INFO]: Preparing spawn area: 74%
[22:27:21] [Server-Worker-5/INFO]: Preparing spawn area: 79%
[22:27:21] [Server-Worker-1/INFO]: Preparing spawn area: 84%
[22:27:22] [Server-Worker-2/INFO]: Preparing spawn area: 89%
[22:27:22] [Server-Worker-4/INFO]: Preparing spawn area: 94%
[22:27:23] [Server-Worker-2/INFO]: Preparing spawn area: 98%
[22:27:23] [Server thread/INFO]: Time elapsed: 12169 ms
[22:27:23] [Server thread/INFO]: Preparing start region for dimension 'world_the_end'/minecraft:the_end
[22:27:23] [Server-Worker-3/INFO]: Preparing spawn area: 0%
[22:27:23] [Server-Worker-4/INFO]: Preparing spawn area: 0%
[22:27:24] [Server-Worker-1/INFO]: Preparing spawn area: 12%
[22:27:24] [Server-Worker-5/INFO]: Preparing spawn area: 35%
[22:27:25] [Server-Worker-1/INFO]: Preparing spawn area: 66%
[22:27:25] [Server-Worker-5/INFO]: Preparing spawn area: 96%
[22:27:25] [Server thread/INFO]: Time elapsed: 2547 ms
[22:27:25] [Server thread/INFO]: [MinecraftSpigotPluginVonMara] Enabling MinecraftSpigotPluginVonMara v1.0
[22:27:25] [Server thread/INFO]: Server permissions file permissions.yml is empty, ignoring it
[22:27:25] [Server thread/INFO]: Done (58.342s)! For help, type "help"
[22:28:21] [User Authenticator #1/INFO]: UUID of player feorwen is 541a81f4-9acb-412a-868e-35dc4df5fee0
[22:28:23] [Server thread/INFO]: feorwen[/127.0.0.1:62858] logged in with entity id 321 at ([world]19.62709291889305, 63.0, 316.69999998807907)
[22:28:29] [Server thread/WARN]: Can't keep up! Is the server overloaded? Running 7573ms or 151 ticks behind
[22:28:39] [Server thread/INFO]: feorwen issued server command: /mycommand
[22:28:41] [Server thread/INFO]: feorwen suffocated in a wall
[22:28:55] [Server thread/INFO]: feorwen issued server command: /mycommand
[22:28:58] [Server thread/INFO]: feorwen lost connection: Disconnected
[22:28:58] [Server thread/INFO]: feorwen left the game
